{
  "stats": {
    "suites": 19,
    "tests": 38,
    "passes": 36,
    "pending": 0,
    "failures": 2,
    "testsRegistered": 38,
    "passPercent": 94.73684210526316,
    "pendingPercent": 0,
    "other": 0,
    "hasOther": false,
    "skipped": 0,
    "hasSkipped": false,
    "start": "2024-02-23T07:37:27.294Z",
    "end": "2024-02-23T07:41:43.376Z",
    "duration": 256082
  },
  "results": [
    {
      "uuid": "021a70a0-79fa-4075-b9e0-b81a904b0d41",
      "title": "",
      "fullFile": "cypress\\e2e\\autoMtestStore\\alias-invoke.cy.js",
      "file": "cypress\\e2e\\autoMtestStore\\alias-invoke.cy.js",
      "beforeHooks": [],
      "afterHooks": [],
      "tests": [],
      "suites": [
        {
          "uuid": "95d8a1e5-96ad-437a-bd53-150530dc099b",
          "title": "Alias and invoke command",
          "fullFile": "",
          "file": "",
          "beforeHooks": [],
          "afterHooks": [],
          "tests": [
            {
              "title": "Calculate total of normal and sale products",
              "fullTitle": "Alias and invoke command Calculate total of normal and sale products",
              "timedOut": null,
              "duration": 5724,
              "state": "passed",
              "speed": "medium",
              "pass": true,
              "fail": false,
              "pending": false,
              "context": null,
              "code": "cy.visit(\"https://automationteststore.com/\");\n// cy.get(\".thumbnail\")\n//   .find(\".oneprice\")\n//   .each((el, index, list) => {\n//     const nonSaleProduct = el.text().split(\"$\");\n//   });\n//with alias\nvar itemTotal = 0;\ncy.get(\".thumbnail\").find(\".oneprice\").invoke(\"text\").as(\"nonSaleProduct\");\ncy.get(\"@nonSaleProduct\").then(listtext => {\n  var nonsaleTotal = 0;\n  var productPrice = listtext.split(\"$\");\n  for (let i = 0; i < productPrice.length; i++) {\n    cy.log(productPrice[i]);\n    nonsaleTotal += Number(productPrice[i]);\n  }\n  itemTotal += nonsaleTotal;\n  cy.log(\"All Non sale item total : \" + nonsaleTotal);\n});\n//without alias\ncy.get(\".thumbnail\").find(\".pricenew\").invoke(\"text\").then(listtext => {\n  var saleTotal = 0;\n  var saleproductPrice = listtext.split(\"$\");\n  for (let i = 0; i < saleproductPrice.length; i++) {\n    cy.log(saleproductPrice[i]);\n    saleTotal += Number(saleproductPrice[i]);\n  }\n  itemTotal += saleTotal;\n  cy.log(\"All Sale item total : \" + saleTotal);\n}).then(() => {\n  cy.log(\"Oerall Product total : \" + itemTotal);\n  expect(itemTotal).to.equal(660.5);\n});",
              "err": {},
              "uuid": "f9fcfd3e-dbf4-4d55-9678-aa2bbc57fc06",
              "parentUUID": "95d8a1e5-96ad-437a-bd53-150530dc099b",
              "isHook": false,
              "skipped": false
            }
          ],
          "suites": [],
          "passes": [
            "f9fcfd3e-dbf4-4d55-9678-aa2bbc57fc06"
          ],
          "failures": [],
          "pending": [],
          "skipped": [],
          "duration": 5724,
          "root": false,
          "rootEmpty": false,
          "_timeout": 2000
        }
      ],
      "passes": [],
      "failures": [],
      "pending": [],
      "skipped": [],
      "duration": 0,
      "root": true,
      "rootEmpty": true,
      "_timeout": 2000
    },
    {
      "uuid": "c61a4df6-3f31-4f91-a346-9e1162d106d5",
      "title": "",
      "fullFile": "cypress\\e2e\\autoMtestStore\\contact-us.cy.js",
      "file": "cypress\\e2e\\autoMtestStore\\contact-us.cy.js",
      "beforeHooks": [],
      "afterHooks": [],
      "tests": [],
      "suites": [
        {
          "uuid": "880f6a17-1d55-48a4-91d1-91f120d4e86a",
          "title": "Test Contach Us form via WebdriverUniversity",
          "fullFile": "",
          "file": "",
          "beforeHooks": [],
          "afterHooks": [],
          "tests": [
            {
              "title": "Should be able to submit a successful submission via contact us form",
              "fullTitle": "Test Contach Us form via WebdriverUniversity Should be able to submit a successful submission via contact us form",
              "timedOut": null,
              "duration": 8699,
              "state": "passed",
              "speed": "medium",
              "pass": true,
              "fail": false,
              "pending": false,
              "context": null,
              "code": "//cypress code\ncy.visit(\"https://automationteststore.com/\");\ncy.get(\".info_links_footer\").contains(\"Contact Us\").click();\ncy.get(\"@user\").then(user => {\n  cy.get(\"[name='first_name']\").type(user.name);\n  cy.get(\"[for='ContactUsFrm_email']\").type(user.email);\n  cy.get('[name=\"enquiry\"]').type(\"this is the enquiry textbox \");\n});\ncy.get(\"[title='Submit']\").click();\ncy.get(\".contentpanel p\").should(\"have.text\", \"Your enquiry has been successfully sent to the store owner!\");",
              "err": {},
              "uuid": "0133b9bd-cc72-4c73-b85e-96413b21b445",
              "parentUUID": "880f6a17-1d55-48a4-91d1-91f120d4e86a",
              "isHook": false,
              "skipped": false
            }
          ],
          "suites": [],
          "passes": [
            "0133b9bd-cc72-4c73-b85e-96413b21b445"
          ],
          "failures": [],
          "pending": [],
          "skipped": [],
          "duration": 8699,
          "root": false,
          "rootEmpty": false,
          "_timeout": 2000
        }
      ],
      "passes": [],
      "failures": [],
      "pending": [],
      "skipped": [],
      "duration": 0,
      "root": true,
      "rootEmpty": true,
      "_timeout": 2000
    },
    {
      "uuid": "01c5ef2c-1eae-4812-a338-d9b0b576274b",
      "title": "",
      "fullFile": "cypress\\e2e\\autoMtestStore\\inspect-item.cy.js",
      "file": "cypress\\e2e\\autoMtestStore\\inspect-item.cy.js",
      "beforeHooks": [],
      "afterHooks": [],
      "tests": [],
      "suites": [
        {
          "uuid": "04f62a36-6158-4da6-ad9e-e6f87b40c0fa",
          "title": "Inspect Automation Test Store items using chain of commands",
          "fullFile": "",
          "file": "",
          "beforeHooks": [],
          "afterHooks": [],
          "tests": [
            {
              "title": "Click on the first item using item header",
              "fullTitle": "Inspect Automation Test Store items using chain of commands Click on the first item using item header",
              "timedOut": null,
              "duration": 8063,
              "state": "passed",
              "speed": "medium",
              "pass": true,
              "fail": false,
              "pending": false,
              "context": null,
              "code": "cy.visit(\"https://www.automationteststore.com/\");\ncy.get('#block_frame_featured_1769 > .thumbnails > :nth-child(1) > .fixed_wrapper > .fixed > .prdocutname').click();",
              "err": {},
              "uuid": "e2c1c10b-5b4b-4d8d-b0d9-5cbc63917fae",
              "parentUUID": "04f62a36-6158-4da6-ad9e-e6f87b40c0fa",
              "isHook": false,
              "skipped": false
            },
            {
              "title": "Click on the first item using item text",
              "fullTitle": "Inspect Automation Test Store items using chain of commands Click on the first item using item text",
              "timedOut": null,
              "duration": 7232,
              "state": "passed",
              "speed": "medium",
              "pass": true,
              "fail": false,
              "pending": false,
              "context": null,
              "code": "cy.visit(\"https://www.automationteststore.com/\");\ncy.get('.prdocutname').contains('Skinsheen Bronzer Stick').click();",
              "err": {},
              "uuid": "d8eb149f-9f63-48d9-8aca-8a5dc0c98467",
              "parentUUID": "04f62a36-6158-4da6-ad9e-e6f87b40c0fa",
              "isHook": false,
              "skipped": false
            },
            {
              "title": "Click on the first item using index",
              "fullTitle": "Inspect Automation Test Store items using chain of commands Click on the first item using index",
              "timedOut": null,
              "duration": 6782,
              "state": "passed",
              "speed": "medium",
              "pass": true,
              "fail": false,
              "pending": false,
              "context": null,
              "code": "cy.visit(\"https://www.automationteststore.com/\");\ncy.get('.fixed_wrapper').find('.prdocutname').eq(0).click();",
              "err": {},
              "uuid": "737630ce-1c7e-4629-9f97-ecc00b4d5c1f",
              "parentUUID": "04f62a36-6158-4da6-ad9e-e6f87b40c0fa",
              "isHook": false,
              "skipped": false
            }
          ],
          "suites": [],
          "passes": [
            "e2c1c10b-5b4b-4d8d-b0d9-5cbc63917fae",
            "d8eb149f-9f63-48d9-8aca-8a5dc0c98467",
            "737630ce-1c7e-4629-9f97-ecc00b4d5c1f"
          ],
          "failures": [],
          "pending": [],
          "skipped": [],
          "duration": 22077,
          "root": false,
          "rootEmpty": false,
          "_timeout": 2000
        }
      ],
      "passes": [],
      "failures": [],
      "pending": [],
      "skipped": [],
      "duration": 0,
      "root": true,
      "rootEmpty": true,
      "_timeout": 2000
    },
    {
      "uuid": "d392fe00-cffb-47f3-bce5-eba0181ff774",
      "title": "",
      "fullFile": "cypress\\e2e\\autoMtestStore\\iterate-over-element.cy.js",
      "file": "cypress\\e2e\\autoMtestStore\\iterate-over-element.cy.js",
      "beforeHooks": [],
      "afterHooks": [],
      "tests": [],
      "suites": [
        {
          "uuid": "9b8b97b9-a6cc-4fd0-bf13-ac4e36142a8a",
          "title": "Iterate over elements",
          "fullFile": "",
          "file": "",
          "beforeHooks": [],
          "afterHooks": [],
          "tests": [
            {
              "title": "Log information of all hair care products",
              "fullTitle": "Iterate over elements Log information of all hair care products",
              "timedOut": null,
              "duration": 5622,
              "state": "passed",
              "speed": "medium",
              "pass": true,
              "fail": false,
              "pending": false,
              "context": null,
              "code": "cy.get(\".fixed_wrapper .prdocutname\").each((ele, index, list) => {\n  cy.log(\"list [\" + index + \"] is : \" + ele.text());\n  cy.log(list.text());\n});",
              "err": {},
              "uuid": "75a0adee-6c3f-47ad-b2fe-beb00775f9d5",
              "parentUUID": "9b8b97b9-a6cc-4fd0-bf13-ac4e36142a8a",
              "isHook": false,
              "skipped": false
            },
            {
              "title": "Add specific product to basket",
              "fullTitle": "Iterate over elements Add specific product to basket",
              "timedOut": null,
              "duration": 3645,
              "state": "passed",
              "speed": "fast",
              "pass": true,
              "fail": false,
              "pending": false,
              "context": null,
              "code": "cy.selectProduct(\"Curls to straight Shampoo\");",
              "err": {},
              "uuid": "6ad7e808-69ac-4a17-9291-c468c3fa4908",
              "parentUUID": "9b8b97b9-a6cc-4fd0-bf13-ac4e36142a8a",
              "isHook": false,
              "skipped": false
            },
            {
              "title": "Add another specific product to basket",
              "fullTitle": "Iterate over elements Add another specific product to basket",
              "timedOut": null,
              "duration": 5337,
              "state": "passed",
              "speed": "medium",
              "pass": true,
              "fail": false,
              "pending": false,
              "context": null,
              "code": "cy.selectProduct(\"Eau Parfumee au The Vert Shampoo\");",
              "err": {},
              "uuid": "2da4cf6a-53f2-47e8-b4ce-de48d1a20009",
              "parentUUID": "9b8b97b9-a6cc-4fd0-bf13-ac4e36142a8a",
              "isHook": false,
              "skipped": false
            },
            {
              "title": "Add another specific product to basket 2",
              "fullTitle": "Iterate over elements Add another specific product to basket 2",
              "timedOut": null,
              "duration": 3546,
              "state": "passed",
              "speed": "fast",
              "pass": true,
              "fail": false,
              "pending": false,
              "context": null,
              "code": "cy.selectProduct(\"Seaweed Conditioner\");",
              "err": {},
              "uuid": "0734b8b4-96cb-4dc9-be9e-ab42d1189b5b",
              "parentUUID": "9b8b97b9-a6cc-4fd0-bf13-ac4e36142a8a",
              "isHook": false,
              "skipped": false
            }
          ],
          "suites": [],
          "passes": [
            "75a0adee-6c3f-47ad-b2fe-beb00775f9d5",
            "6ad7e808-69ac-4a17-9291-c468c3fa4908",
            "2da4cf6a-53f2-47e8-b4ce-de48d1a20009",
            "0734b8b4-96cb-4dc9-be9e-ab42d1189b5b"
          ],
          "failures": [],
          "pending": [],
          "skipped": [],
          "duration": 18150,
          "root": false,
          "rootEmpty": false,
          "_timeout": 2000
        }
      ],
      "passes": [],
      "failures": [],
      "pending": [],
      "skipped": [],
      "duration": 0,
      "root": true,
      "rootEmpty": true,
      "_timeout": 2000
    },
    {
      "uuid": "f4cbbd59-fe1c-45b2-a3af-587ce64050a7",
      "title": "",
      "fullFile": "cypress\\e2e\\autoMtestStore\\variables_cy_commands.cy.js",
      "file": "cypress\\e2e\\autoMtestStore\\variables_cy_commands.cy.js",
      "beforeHooks": [],
      "afterHooks": [],
      "tests": [],
      "suites": [
        {
          "uuid": "262d3d45-11da-4841-a1d6-981a01f41711",
          "title": "Verifying variables, cypress commands and jquery commands",
          "fullFile": "",
          "file": "",
          "beforeHooks": [],
          "afterHooks": [],
          "tests": [
            {
              "title": "Navigating contact us page properties ",
              "fullTitle": "Verifying variables, cypress commands and jquery commands Navigating contact us page properties ",
              "timedOut": null,
              "duration": 4222,
              "state": "passed",
              "speed": "fast",
              "pass": true,
              "fail": false,
              "pending": false,
              "context": null,
              "code": "//recommended\ncy.visit(\"https://automationteststore.com/index.php?rt=content/contact\");\n//Uses cypress command and chaining\ncy.contains(\"#ContactUsFrm\", \"Contact Us Form\").find(\"#field_11\").should(\"contain\", \"First name:\");\n//JQuery Approach\ncy.contains(\"#ContactUsFrm\", \"Contact Us Form\").then(text => {\n  const firstNameText = text.find(\"#field_11\").text();\n  cy.log(firstNameText);\n  expect(firstNameText).to.contain(\"First name:\");\n  //expect(firstNameText).is.eq(\"First name:\"); //its failed beacuse it return selector not text\n});\n//Embeded commands(closure)\ncy.get(\"#field_11\").then(fntext => {\n  cy.log(fntext.text());\n  cy.log(fntext);\n});",
              "err": {},
              "uuid": "a991fd27-0678-484b-90ef-d10f0107aaf7",
              "parentUUID": "262d3d45-11da-4841-a1d6-981a01f41711",
              "isHook": false,
              "skipped": false
            }
          ],
          "suites": [],
          "passes": [
            "a991fd27-0678-484b-90ef-d10f0107aaf7"
          ],
          "failures": [],
          "pending": [],
          "skipped": [],
          "duration": 4222,
          "root": false,
          "rootEmpty": false,
          "_timeout": 2000
        }
      ],
      "passes": [],
      "failures": [],
      "pending": [],
      "skipped": [],
      "duration": 0,
      "root": true,
      "rootEmpty": true,
      "_timeout": 2000
    },
    {
      "uuid": "ff0a4ba5-b22e-4ee3-b26b-f17b5ff4db31",
      "title": "",
      "fullFile": "cypress\\e2e\\other1\\hooks.cy.js",
      "file": "cypress\\e2e\\other1\\hooks.cy.js",
      "beforeHooks": [],
      "afterHooks": [],
      "tests": [],
      "suites": [
        {
          "uuid": "28450c40-8afe-4a43-b47e-1e8ee1e892ec",
          "title": "Hooks",
          "fullFile": "",
          "file": "",
          "beforeHooks": [],
          "afterHooks": [],
          "tests": [
            {
              "title": "Example test-1",
              "fullTitle": "Hooks Example test-1",
              "timedOut": null,
              "duration": 54,
              "state": "passed",
              "speed": "fast",
              "pass": true,
              "fail": false,
              "pending": false,
              "context": null,
              "code": "cy.log(\"Example test1\");",
              "err": {},
              "uuid": "d7b463d9-81ad-46bd-b5ba-c43c06fef3c6",
              "parentUUID": "28450c40-8afe-4a43-b47e-1e8ee1e892ec",
              "isHook": false,
              "skipped": false
            },
            {
              "title": "Example test-2",
              "fullTitle": "Hooks Example test-2",
              "timedOut": null,
              "duration": 15,
              "state": "passed",
              "speed": "fast",
              "pass": true,
              "fail": false,
              "pending": false,
              "context": null,
              "code": "cy.log(\"Example test2\");",
              "err": {},
              "uuid": "ef1ede42-df42-4791-84b0-5980e3b2281d",
              "parentUUID": "28450c40-8afe-4a43-b47e-1e8ee1e892ec",
              "isHook": false,
              "skipped": false
            }
          ],
          "suites": [],
          "passes": [
            "d7b463d9-81ad-46bd-b5ba-c43c06fef3c6",
            "ef1ede42-df42-4791-84b0-5980e3b2281d"
          ],
          "failures": [],
          "pending": [],
          "skipped": [],
          "duration": 69,
          "root": false,
          "rootEmpty": false,
          "_timeout": 2000
        }
      ],
      "passes": [],
      "failures": [],
      "pending": [],
      "skipped": [],
      "duration": 0,
      "root": true,
      "rootEmpty": true,
      "_timeout": 2000
    },
    {
      "uuid": "23ec9a89-0e6c-4ed0-8ae3-301f4fe23a4c",
      "title": "",
      "fullFile": "cypress\\e2e\\other1\\same-origin-policy.cy.js",
      "file": "cypress\\e2e\\other1\\same-origin-policy.cy.js",
      "beforeHooks": [],
      "afterHooks": [],
      "tests": [],
      "suites": [
        {
          "uuid": "f4b5be08-9183-49cb-9da7-a8eba9c556c5",
          "title": "Cypress Web Security",
          "fullFile": "",
          "file": "",
          "beforeHooks": [],
          "afterHooks": [],
          "tests": [
            {
              "title": "Validating Two different domain",
              "fullTitle": "Cypress Web Security Validating Two different domain",
              "timedOut": null,
              "duration": 7018,
              "state": "passed",
              "speed": "medium",
              "pass": true,
              "fail": false,
              "pending": false,
              "context": null,
              "code": "cy.visit(\"https://www.webdriveruniversity.com/\");\ncy.visit(\"https://www.google.com/\");",
              "err": {},
              "uuid": "f1c37dae-2ad0-4a13-8257-2a56a293c203",
              "parentUUID": "f4b5be08-9183-49cb-9da7-a8eba9c556c5",
              "isHook": false,
              "skipped": false
            },
            {
              "title": "Validating Same superdomain with their subdomain",
              "fullTitle": "Cypress Web Security Validating Same superdomain with their subdomain",
              "timedOut": null,
              "duration": 6625,
              "state": "passed",
              "speed": "medium",
              "pass": true,
              "fail": false,
              "pending": false,
              "context": null,
              "code": "cy.visit(\"https://www.webdriveruniversity.com\");\ncy.get(\"#automation-test-store\").invoke(\"removeAttr\", \"target\").click();",
              "err": {},
              "uuid": "6188bde5-dd92-48ed-be94-3231bb883793",
              "parentUUID": "f4b5be08-9183-49cb-9da7-a8eba9c556c5",
              "isHook": false,
              "skipped": false
            },
            {
              "title": "origin comand ",
              "fullTitle": "Cypress Web Security origin comand ",
              "timedOut": null,
              "duration": 290,
              "state": "failed",
              "speed": null,
              "pass": false,
              "fail": true,
              "pending": false,
              "context": null,
              "code": "cy.origin(\"webdriveruniversity.com\", () => {\n  cy.visit(\"/\");\n});\ncy.origin(\"automationteststore.com\", () => {\n  cy.visit(\"/\");\n});",
              "err": {
                "message": "CypressError: `cy.origin()` requires the first argument to be a different domain than top. You passed `webdriveruniversity.com` to the origin command, while top is at `https://www.webdriveruniversity.com`.\n\nEither the intended page was not visited prior to running the cy.origin block or the cy.origin block may not be needed at all.\n\nhttps://on.cypress.io/origin",
                "estack": "CypressError: `cy.origin()` requires the first argument to be a different domain than top. You passed `webdriveruniversity.com` to the origin command, while top is at `https://www.webdriveruniversity.com`.\n\nEither the intended page was not visited prior to running the cy.origin block or the cy.origin block may not be needed at all.\n\nhttps://on.cypress.io/origin\n    at Validator.validateLocation (https://www.webdriveruniversity.com/__cypress/runner/cypress_runner.js:120868:68)\n    at Context.origin (https://www.webdriveruniversity.com/__cypress/runner/cypress_runner.js:120571:17)\n    at wrapped (https://www.webdriveruniversity.com/__cypress/runner/cypress_runner.js:138282:43)\nFrom Your Spec Code:\n    at Context.eval (webpack://webdriveruniversity/./cypress/e2e/other1/same-origin-policy.cy.js:14:7)",
                "diff": null
              },
              "uuid": "6dc87156-49f1-46eb-8045-d33168decb16",
              "parentUUID": "f4b5be08-9183-49cb-9da7-a8eba9c556c5",
              "isHook": false,
              "skipped": false
            }
          ],
          "suites": [],
          "passes": [
            "f1c37dae-2ad0-4a13-8257-2a56a293c203",
            "6188bde5-dd92-48ed-be94-3231bb883793"
          ],
          "failures": [
            "6dc87156-49f1-46eb-8045-d33168decb16"
          ],
          "pending": [],
          "skipped": [],
          "duration": 13933,
          "root": false,
          "rootEmpty": false,
          "_timeout": 2000
        }
      ],
      "passes": [],
      "failures": [],
      "pending": [],
      "skipped": [],
      "duration": 0,
      "root": true,
      "rootEmpty": true,
      "_timeout": 2000
    },
    {
      "uuid": "d5f3066f-ef59-4ab8-ba64-53ef7e10c74c",
      "title": "",
      "fullFile": "cypress\\e2e\\webUni\\autocomplete-dropdown-list.cy.js",
      "file": "cypress\\e2e\\webUni\\autocomplete-dropdown-list.cy.js",
      "beforeHooks": [],
      "afterHooks": [],
      "tests": [],
      "suites": [
        {
          "uuid": "0cb8f8f1-f555-459a-ab7f-4978f86b67d9",
          "title": "Verify Autocomplete dropwdown lists via webdriveruni",
          "fullFile": "",
          "file": "",
          "beforeHooks": [],
          "afterHooks": [],
          "tests": [
            {
              "title": "Select specific product via autocomplete list",
              "fullTitle": "Verify Autocomplete dropwdown lists via webdriveruni Select specific product via autocomplete list",
              "timedOut": null,
              "duration": 4044,
              "state": "passed",
              "speed": "fast",
              "pass": true,
              "fail": false,
              "pending": false,
              "context": null,
              "code": "cy.visit(\"http://www.webdriveruniversity.com\");\ncy.get('#autocomplete-textfield').invoke('removeAttr', 'target').click({\n  force: true\n});\ncy.get('#myInput').type('A');\ncy.get('#myInputautocomplete-list > *').each(($el, index, $list) => {\n  const prod = $el.text();\n  const productToSelect = 'Avacado';\n  if (prod === productToSelect) {\n    //$el.click();\n    $el.trigger(\"click\");\n    cy.get('#submit-button').click();\n    cy.url().should('include', productToSelect);\n  }\n}).then(() => {\n  cy.get('#myInput').type('g');\n  cy.get('#myInputautocomplete-list > *').each(($el, index, $list) => {\n    const prod = $el.text();\n    const productToSelect = 'Grapes';\n    if (prod === productToSelect) {\n      //$el.click();\n      $el.trigger(\"click\");\n      cy.get('#submit-button').click();\n      cy.url().should('include', productToSelect);\n    }\n  });\n});",
              "err": {},
              "uuid": "88ef4c4a-c8d8-4e97-ab88-ec9f3be9d679",
              "parentUUID": "0cb8f8f1-f555-459a-ab7f-4978f86b67d9",
              "isHook": false,
              "skipped": false
            }
          ],
          "suites": [],
          "passes": [
            "88ef4c4a-c8d8-4e97-ab88-ec9f3be9d679"
          ],
          "failures": [],
          "pending": [],
          "skipped": [],
          "duration": 4044,
          "root": false,
          "rootEmpty": false,
          "_timeout": 2000
        }
      ],
      "passes": [],
      "failures": [],
      "pending": [],
      "skipped": [],
      "duration": 0,
      "root": true,
      "rootEmpty": true,
      "_timeout": 2000
    },
    {
      "uuid": "e839d5ee-2835-4c9b-bdd1-73687370a304",
      "title": "",
      "fullFile": "cypress\\e2e\\webUni\\browser-navigation.cy.js",
      "file": "cypress\\e2e\\webUni\\browser-navigation.cy.js",
      "beforeHooks": [],
      "afterHooks": [],
      "tests": [],
      "suites": [
        {
          "uuid": "0783d1bb-79ca-4c69-a2ea-0b99b37bb062",
          "title": "Validate webdriveruni homepage links",
          "fullFile": "",
          "file": "",
          "beforeHooks": [],
          "afterHooks": [],
          "tests": [
            {
              "title": "Confirm links redirect to the correct pages",
              "fullTitle": "Validate webdriveruni homepage links Confirm links redirect to the correct pages",
              "timedOut": null,
              "duration": 6533,
              "state": "passed",
              "speed": "medium",
              "pass": true,
              "fail": false,
              "pending": false,
              "context": null,
              "code": "//cy.visit(\"http://www.webdriveruniversity.com/Contact-Us/contactus.html\");\ncy.visit(\"http://www.webdriveruniversity.com\");\ncy.get('#contact-us').invoke('removeAttr', 'target').click({\n  force: true\n});\ncy.url().should('include', 'contactus');\ncy.go('back');\ncy.reload();\ncy.url().should('include', 'http://www.webdriveruniversity.com/');\n//cy.reload(true) //reload without using cache\ncy.go('forward');\ncy.url().should('include', 'contactus');\ncy.go('back');\ncy.get('#login-portal').invoke('removeAttr', 'target').click({\n  force: true\n});\ncy.url().should('include', 'Login-Portal');\ncy.go('back');\ncy.get('#to-do-list').invoke('removeAttr', 'target').click({\n  force: true\n});\ncy.url().should('include', 'To-Do-List');\ncy.go('back');",
              "err": {},
              "uuid": "2541ffbc-858e-405b-9e82-b31f63e2653a",
              "parentUUID": "0783d1bb-79ca-4c69-a2ea-0b99b37bb062",
              "isHook": false,
              "skipped": false
            }
          ],
          "suites": [],
          "passes": [
            "2541ffbc-858e-405b-9e82-b31f63e2653a"
          ],
          "failures": [],
          "pending": [],
          "skipped": [],
          "duration": 6533,
          "root": false,
          "rootEmpty": false,
          "_timeout": 2000
        }
      ],
      "passes": [],
      "failures": [],
      "pending": [],
      "skipped": [],
      "duration": 0,
      "root": true,
      "rootEmpty": true,
      "_timeout": 2000
    },
    {
      "uuid": "4edbda54-3802-4f99-8319-4ca5fbcaeb28",
      "title": "",
      "fullFile": "cypress\\e2e\\webUni\\checkboxes.cy.js",
      "file": "cypress\\e2e\\webUni\\checkboxes.cy.js",
      "beforeHooks": [],
      "afterHooks": [],
      "tests": [],
      "suites": [
        {
          "uuid": "2541c5ff-3006-4895-b0e3-bf2aa2ab2d41",
          "title": "Verify checkboxes via webdriveruni",
          "fullFile": "",
          "file": "",
          "beforeHooks": [],
          "afterHooks": [],
          "tests": [
            {
              "title": "Check and validate checkbox",
              "fullTitle": "Verify checkboxes via webdriveruni Check and validate checkbox",
              "timedOut": null,
              "duration": 1684,
              "state": "passed",
              "speed": "fast",
              "pass": true,
              "fail": false,
              "pending": false,
              "context": null,
              "code": "//cy.get('#checkboxes > :nth-child(1) > input').check()\n//cy.get('#checkboxes > :nth-child(1) > input').check().should('be.checked')\ncy.get(\"#checkboxes > :nth-child(1) > input\").as(\"option-1\");\n//cy.get('@option-1').check();\ncy.get(\"@option-1\").check().should(\"be.checked\");",
              "err": {},
              "uuid": "5c46ef4e-5cc6-4523-b34a-ea3dde325a49",
              "parentUUID": "2541c5ff-3006-4895-b0e3-bf2aa2ab2d41",
              "isHook": false,
              "skipped": false
            },
            {
              "title": "Uncheck and validate checkbox",
              "fullTitle": "Verify checkboxes via webdriveruni Uncheck and validate checkbox",
              "timedOut": null,
              "duration": 457,
              "state": "passed",
              "speed": "fast",
              "pass": true,
              "fail": false,
              "pending": false,
              "context": null,
              "code": "cy.get(\":nth-child(5) > input\").as(\"option-3\");\ncy.get(\"@option-3\").uncheck().should(\"not.be.checked\");",
              "err": {},
              "uuid": "3748e307-5cd0-43dc-9a38-b0cf4b0627ab",
              "parentUUID": "2541c5ff-3006-4895-b0e3-bf2aa2ab2d41",
              "isHook": false,
              "skipped": false
            },
            {
              "title": "Check mutiple checkboxes",
              "fullTitle": "Verify checkboxes via webdriveruni Check mutiple checkboxes",
              "timedOut": null,
              "duration": 647,
              "state": "passed",
              "speed": "fast",
              "pass": true,
              "fail": false,
              "pending": false,
              "context": null,
              "code": "cy.get(\"input[type='checkbox']\").check([\"option-1\", \"option-2\", \"option-3\", \"option-4\"]).should(\"be.checked\");",
              "err": {},
              "uuid": "2d7d5905-1cc3-4661-8264-863bcff27b1c",
              "parentUUID": "2541c5ff-3006-4895-b0e3-bf2aa2ab2d41",
              "isHook": false,
              "skipped": false
            }
          ],
          "suites": [],
          "passes": [
            "5c46ef4e-5cc6-4523-b34a-ea3dde325a49",
            "3748e307-5cd0-43dc-9a38-b0cf4b0627ab",
            "2d7d5905-1cc3-4661-8264-863bcff27b1c"
          ],
          "failures": [],
          "pending": [],
          "skipped": [],
          "duration": 2788,
          "root": false,
          "rootEmpty": false,
          "_timeout": 2000
        }
      ],
      "passes": [],
      "failures": [],
      "pending": [],
      "skipped": [],
      "duration": 0,
      "root": true,
      "rootEmpty": true,
      "_timeout": 2000
    },
    {
      "uuid": "2f8b1340-b1d3-438a-be95-e9a06a0c3aa3",
      "title": "",
      "fullFile": "cypress\\e2e\\webUni\\data-tables.cy.js",
      "file": "cypress\\e2e\\webUni\\data-tables.cy.js",
      "beforeHooks": [],
      "afterHooks": [],
      "tests": [],
      "suites": [
        {
          "uuid": "bcfdfcc3-3d2c-4803-a411-4f718371f354",
          "title": "Handling data via webdriveruni",
          "fullFile": "",
          "file": "",
          "beforeHooks": [],
          "afterHooks": [],
          "tests": [
            {
              "title": "Calculate and assert the total age of all users",
              "fullTitle": "Handling data via webdriveruni Calculate and assert the total age of all users",
              "timedOut": null,
              "duration": 2351,
              "state": "passed",
              "speed": "fast",
              "pass": true,
              "fail": false,
              "pending": false,
              "context": null,
              "code": "var userDetails = [];\nlet numb = 0;\ncy.get('#thumbnail-1 td').each(($el, index, $list) => {\n  userDetails[index] = $el.text();\n}).then(() => {\n  var i;\n  for (i = 0; i < userDetails.length; i++) {\n    if (Number(userDetails[i])) {\n      numb += Number(userDetails[i]);\n    }\n    //cy.log(userDetails[i])\n  }\n  cy.log(\"Found total age: \" + numb);\n  expect(numb).to.eq(322);\n});",
              "err": {},
              "uuid": "ec809760-5889-4859-83e4-f710792c2b92",
              "parentUUID": "bcfdfcc3-3d2c-4803-a411-4f718371f354",
              "isHook": false,
              "skipped": false
            },
            {
              "title": "Calculate and assert the age of a given user based on last name",
              "fullTitle": "Handling data via webdriveruni Calculate and assert the age of a given user based on last name",
              "timedOut": null,
              "duration": 567,
              "state": "passed",
              "speed": "fast",
              "pass": true,
              "fail": false,
              "pending": false,
              "context": null,
              "code": "cy.get('#thumbnail-1 tr td:nth-child(2)').each(($el, index, $list) => {\n  const text = $el.text();\n  if (text.includes(\"Woods\")) {\n    cy.get('#thumbnail-1 tr td:nth-child(2)').eq(index).next().then(function (age) {\n      const userAge = age.text();\n      expect(userAge).to.equal(\"80\");\n    });\n  }\n});",
              "err": {},
              "uuid": "46956e04-9ba5-4b3e-996a-1d66dab70021",
              "parentUUID": "bcfdfcc3-3d2c-4803-a411-4f718371f354",
              "isHook": false,
              "skipped": false
            }
          ],
          "suites": [],
          "passes": [
            "ec809760-5889-4859-83e4-f710792c2b92",
            "46956e04-9ba5-4b3e-996a-1d66dab70021"
          ],
          "failures": [],
          "pending": [],
          "skipped": [],
          "duration": 2918,
          "root": false,
          "rootEmpty": false,
          "_timeout": 2000
        }
      ],
      "passes": [],
      "failures": [],
      "pending": [],
      "skipped": [],
      "duration": 0,
      "root": true,
      "rootEmpty": true,
      "_timeout": 2000
    },
    {
      "uuid": "c2414bef-f556-402e-9227-b9f82044e3a4",
      "title": "",
      "fullFile": "cypress\\e2e\\webUni\\datepicker.cy.js",
      "file": "cypress\\e2e\\webUni\\datepicker.cy.js",
      "beforeHooks": [],
      "afterHooks": [],
      "tests": [],
      "suites": [
        {
          "uuid": "7e8496d3-73f4-4dab-af27-831f4e74008b",
          "title": "Test Datepicker via webdriveruni",
          "fullFile": "",
          "file": "",
          "beforeHooks": [],
          "afterHooks": [],
          "tests": [
            {
              "title": "Select date from the datepicker",
              "fullTitle": "Test Datepicker via webdriveruni Select date from the datepicker",
              "timedOut": null,
              "duration": 6001,
              "state": "passed",
              "speed": "medium",
              "pass": true,
              "fail": false,
              "pending": false,
              "context": null,
              "code": "cy.visit(\"http://www.webdriveruniversity.com\");\ncy.get('#datepicker').invoke('removeAttr', 'target').click({\n  force: true\n});\ncy.get('#datepicker').click();\n// let date = new Date();\n// date.setDate(date.getDate())\n// cy.log(date.getDate()) //get current day i.e. 22\n// let date2 = new Date();\n// date2.setDate(date.getDate() + 5)\n// cy.log(date2.getDate()) //get current day i.e. 22 + 5 = 27\nvar date = new Date();\ndate.setDate(date.getDate() + 400);\nvar futureYear = date.getFullYear();\nvar futureMonth = date.toLocaleString(\"default\", {\n  month: \"long\"\n});\nvar futureDay = date.getDate();\ncy.log(\"Future year to select: \" + futureYear);\ncy.log(\"Future month to select: \" + futureMonth);\ncy.log(\"Future day to select: \" + futureDay);\nfunction selectMonthAndYear() {\n  cy.get('.datepicker-dropdown').find('.datepicker-switch').first().then(currentDate => {\n    if (!currentDate.text().includes(futureYear)) {\n      cy.get('.next').first().click();\n      selectMonthAndYear();\n    }\n  }).then(() => {\n    cy.get('.datepicker-dropdown').find('.datepicker-switch').first().then(currentDate => {\n      if (!currentDate.text().includes(futureMonth)) {\n        cy.get('.next').first().click();\n        selectMonthAndYear();\n      }\n    });\n  });\n}\nfunction selectFutureDay() {\n  cy.get('[class=\"day\"]').contains(futureDay).click();\n}\nselectMonthAndYear();\nselectFutureDay();",
              "err": {},
              "uuid": "e36c1131-3b39-46c8-8a86-09e7a4da3682",
              "parentUUID": "7e8496d3-73f4-4dab-af27-831f4e74008b",
              "isHook": false,
              "skipped": false
            }
          ],
          "suites": [],
          "passes": [
            "e36c1131-3b39-46c8-8a86-09e7a4da3682"
          ],
          "failures": [],
          "pending": [],
          "skipped": [],
          "duration": 6001,
          "root": false,
          "rootEmpty": false,
          "_timeout": 2000
        }
      ],
      "passes": [],
      "failures": [],
      "pending": [],
      "skipped": [],
      "duration": 0,
      "root": true,
      "rootEmpty": true,
      "_timeout": 2000
    },
    {
      "uuid": "ae6e29fe-5010-45c9-bf35-e4ad8974b6fb",
      "title": "",
      "fullFile": "cypress\\e2e\\webUni\\file-upload.cy.js",
      "file": "cypress\\e2e\\webUni\\file-upload.cy.js",
      "beforeHooks": [],
      "afterHooks": [],
      "tests": [],
      "suites": [
        {
          "uuid": "ed483e8e-4a0a-454a-801b-bc5b1a779c34",
          "title": "Test File Upload via webdriveruni",
          "fullFile": "",
          "file": "",
          "beforeHooks": [],
          "afterHooks": [],
          "tests": [
            {
              "title": "Upload a file....",
              "fullTitle": "Test File Upload via webdriveruni Upload a file....",
              "timedOut": null,
              "duration": 3071,
              "state": "passed",
              "speed": "fast",
              "pass": true,
              "fail": false,
              "pending": false,
              "context": null,
              "code": "cy.visit(\"http://www.webdriveruniversity.com\");\ncy.get('#file-upload').invoke('removeAttr', 'target').click({\n  force: true\n});\ncy.get(\"#myFile\").selectFile(\"cypress/fixtures/laptop.png\");\ncy.get(\"#submit-button\").click();",
              "err": {},
              "uuid": "727c445f-a40a-4839-9ed4-045a7f124b1a",
              "parentUUID": "ed483e8e-4a0a-454a-801b-bc5b1a779c34",
              "isHook": false,
              "skipped": false
            },
            {
              "title": "Upload No file...",
              "fullTitle": "Test File Upload via webdriveruni Upload No file...",
              "timedOut": null,
              "duration": 827,
              "state": "passed",
              "speed": "fast",
              "pass": true,
              "fail": false,
              "pending": false,
              "context": null,
              "code": "cy.visit(\"http://www.webdriveruniversity.com\");\ncy.get('#file-upload').invoke('removeAttr', 'target').click({\n  force: true\n});\ncy.get(\"#submit-button\").click();",
              "err": {},
              "uuid": "329ae939-89a4-4b67-8bcf-12516fa30445",
              "parentUUID": "ed483e8e-4a0a-454a-801b-bc5b1a779c34",
              "isHook": false,
              "skipped": false
            }
          ],
          "suites": [],
          "passes": [
            "727c445f-a40a-4839-9ed4-045a7f124b1a",
            "329ae939-89a4-4b67-8bcf-12516fa30445"
          ],
          "failures": [],
          "pending": [],
          "skipped": [],
          "duration": 3898,
          "root": false,
          "rootEmpty": false,
          "_timeout": 2000
        }
      ],
      "passes": [],
      "failures": [],
      "pending": [],
      "skipped": [],
      "duration": 0,
      "root": true,
      "rootEmpty": true,
      "_timeout": 2000
    },
    {
      "uuid": "c94de70f-05fc-4959-b21e-4589f32516c1",
      "title": "",
      "fullFile": "cypress\\e2e\\webUni\\js-alerts.cy.js",
      "file": "cypress\\e2e\\webUni\\js-alerts.cy.js",
      "beforeHooks": [],
      "afterHooks": [],
      "tests": [],
      "suites": [
        {
          "uuid": "14af14a1-e319-4715-96da-46aa58d0c8eb",
          "title": "Handle js alerts",
          "fullFile": "",
          "file": "",
          "beforeHooks": [],
          "afterHooks": [],
          "tests": [
            {
              "title": "Confirm js alert contains the correct text",
              "fullTitle": "Handle js alerts Confirm js alert contains the correct text",
              "timedOut": null,
              "duration": 2462,
              "state": "passed",
              "speed": "fast",
              "pass": true,
              "fail": false,
              "pending": false,
              "context": null,
              "code": "//cy.visit(\"http://www.webdriveruniversity.com/Contact-Us/contactus.html\");\ncy.visit(\"http://www.webdriveruniversity.com\");\ncy.get('#popup-alerts').invoke('removeAttr', 'target').click({\n  force: true\n});\ncy.get('#button1').click();\ncy.on('window:alert', str => {\n  expect(str).to.equal('I am an alert box!');\n});",
              "err": {},
              "uuid": "e94ac8f1-556e-48e6-b4c7-eb3140caf23a",
              "parentUUID": "14af14a1-e319-4715-96da-46aa58d0c8eb",
              "isHook": false,
              "skipped": false
            },
            {
              "title": "Validate js confirm alert box works correctly when clicking ok",
              "fullTitle": "Handle js alerts Validate js confirm alert box works correctly when clicking ok",
              "timedOut": null,
              "duration": 838,
              "state": "passed",
              "speed": "fast",
              "pass": true,
              "fail": false,
              "pending": false,
              "context": null,
              "code": "//cy.visit(\"http://www.webdriveruniversity.com/Contact-Us/contactus.html\");\ncy.visit(\"http://www.webdriveruniversity.com\");\ncy.get('#popup-alerts').invoke('removeAttr', 'target').click({\n  force: true\n});\ncy.get('#button4').click();\ncy.on('window:confirm', str => {\n  return true;\n});\ncy.get('#confirm-alert-text').contains('You pressed OK!');",
              "err": {},
              "uuid": "3c8feb3b-ddc8-4478-b351-1ba78f19c675",
              "parentUUID": "14af14a1-e319-4715-96da-46aa58d0c8eb",
              "isHook": false,
              "skipped": false
            },
            {
              "title": "Validate js confirm alert box works correctly when clicking cancel",
              "fullTitle": "Handle js alerts Validate js confirm alert box works correctly when clicking cancel",
              "timedOut": null,
              "duration": 673,
              "state": "passed",
              "speed": "fast",
              "pass": true,
              "fail": false,
              "pending": false,
              "context": null,
              "code": "//cy.visit(\"http://www.webdriveruniversity.com/Contact-Us/contactus.html\");\ncy.visit(\"http://www.webdriveruniversity.com\");\ncy.get('#popup-alerts').invoke('removeAttr', 'target').click({\n  force: true\n});\ncy.get('#button4').click();\ncy.on('window:confirm', str => {\n  return false;\n});\ncy.get('#confirm-alert-text').contains('You pressed Cancel!');",
              "err": {},
              "uuid": "706411c6-7984-4923-9dbf-41732384adba",
              "parentUUID": "14af14a1-e319-4715-96da-46aa58d0c8eb",
              "isHook": false,
              "skipped": false
            },
            {
              "title": "Validate js confirm alert box using a stub",
              "fullTitle": "Handle js alerts Validate js confirm alert box using a stub",
              "timedOut": null,
              "duration": 785,
              "state": "passed",
              "speed": "fast",
              "pass": true,
              "fail": false,
              "pending": false,
              "context": null,
              "code": "//cy.visit(\"http://www.webdriveruniversity.com/Contact-Us/contactus.html\");\ncy.visit(\"http://www.webdriveruniversity.com\");\ncy.get('#popup-alerts').invoke('removeAttr', 'target').click({\n  force: true\n});\nconst stub = cy.stub();\ncy.on('window:confirm', stub);\ncy.get('#button4').click().then(() => {\n  expect(stub.getCall(0)).to.be.calledWith('Press a button!');\n}).then(() => {\n  return true;\n}).then(() => {\n  cy.get('#confirm-alert-text').contains('You pressed OK!');\n});",
              "err": {},
              "uuid": "9ad9a727-f9ed-4d5f-adef-2926014d34dc",
              "parentUUID": "14af14a1-e319-4715-96da-46aa58d0c8eb",
              "isHook": false,
              "skipped": false
            }
          ],
          "suites": [],
          "passes": [
            "e94ac8f1-556e-48e6-b4c7-eb3140caf23a",
            "3c8feb3b-ddc8-4478-b351-1ba78f19c675",
            "706411c6-7984-4923-9dbf-41732384adba",
            "9ad9a727-f9ed-4d5f-adef-2926014d34dc"
          ],
          "failures": [],
          "pending": [],
          "skipped": [],
          "duration": 4758,
          "root": false,
          "rootEmpty": false,
          "_timeout": 2000
        }
      ],
      "passes": [],
      "failures": [],
      "pending": [],
      "skipped": [],
      "duration": 0,
      "root": true,
      "rootEmpty": true,
      "_timeout": 2000
    },
    {
      "uuid": "e9054eb0-24f0-46e2-be61-ee3974438291",
      "title": "",
      "fullFile": "cypress\\e2e\\webUni\\mouse-actions.cy.js",
      "file": "cypress\\e2e\\webUni\\mouse-actions.cy.js",
      "beforeHooks": [],
      "afterHooks": [],
      "tests": [],
      "suites": [
        {
          "uuid": "22933dbc-708c-4fcd-b207-93fb162ec998",
          "title": "Test mouse actions",
          "fullFile": "",
          "file": "",
          "beforeHooks": [],
          "afterHooks": [],
          "tests": [
            {
              "title": "Scroll element into view",
              "fullTitle": "Test mouse actions Scroll element into view",
              "timedOut": null,
              "duration": 2522,
              "state": "passed",
              "speed": "fast",
              "pass": true,
              "fail": false,
              "pending": false,
              "context": null,
              "code": "cy.visit(\"http://www.webdriveruniversity.com\");\ncy.get('#actions').scrollIntoView().invoke('removeAttr', 'target').click({\n  force: true\n});",
              "err": {},
              "uuid": "94637a9d-7da0-4afb-9933-78b361814520",
              "parentUUID": "22933dbc-708c-4fcd-b207-93fb162ec998",
              "isHook": false,
              "skipped": false
            },
            {
              "title": "I should be able to drag and drop a draggable item",
              "fullTitle": "Test mouse actions I should be able to drag and drop a draggable item",
              "timedOut": null,
              "duration": 700,
              "state": "passed",
              "speed": "fast",
              "pass": true,
              "fail": false,
              "pending": false,
              "context": null,
              "code": "cy.visit(\"http://www.webdriveruniversity.com\");\ncy.get('#actions').scrollIntoView().invoke('removeAttr', 'target').click({\n  force: true\n});\ncy.get('#draggable').trigger('mousedown', {\n  which: 1\n});\ncy.get('#droppable').trigger('mousemove').trigger('mouseup', {\n  force: true\n});",
              "err": {},
              "uuid": "1f34c6bb-1b52-4aa7-aea1-7f9d687139e0",
              "parentUUID": "22933dbc-708c-4fcd-b207-93fb162ec998",
              "isHook": false,
              "skipped": false
            },
            {
              "title": "I should be able to perform a double mouse click",
              "fullTitle": "Test mouse actions I should be able to perform a double mouse click",
              "timedOut": null,
              "duration": 708,
              "state": "passed",
              "speed": "fast",
              "pass": true,
              "fail": false,
              "pending": false,
              "context": null,
              "code": "cy.visit(\"http://www.webdriveruniversity.com\");\ncy.get('#actions').scrollIntoView().invoke('removeAttr', 'target').click({\n  force: true\n});\ncy.get('#double-click').dblclick();",
              "err": {},
              "uuid": "3a1bd47e-64f4-4d86-aca8-bb93031f6436",
              "parentUUID": "22933dbc-708c-4fcd-b207-93fb162ec998",
              "isHook": false,
              "skipped": false
            },
            {
              "title": "I should be able hold down the left mouse click button on a given element",
              "fullTitle": "Test mouse actions I should be able hold down the left mouse click button on a given element",
              "timedOut": null,
              "duration": 637,
              "state": "passed",
              "speed": "fast",
              "pass": true,
              "fail": false,
              "pending": false,
              "context": null,
              "code": "cy.visit(\"http://www.webdriveruniversity.com\");\ncy.get('#actions').scrollIntoView().invoke('removeAttr', 'target').click({\n  force: true\n});\ncy.get('#click-box').trigger('mousedown', {\n  which: 1\n}).then($element => {\n  expect($element).to.have.css('background-color', 'rgb(0, 255, 0)');\n});",
              "err": {},
              "uuid": "9e8c1a17-cf9e-4997-95d0-459f883c8303",
              "parentUUID": "22933dbc-708c-4fcd-b207-93fb162ec998",
              "isHook": false,
              "skipped": false
            }
          ],
          "suites": [],
          "passes": [
            "94637a9d-7da0-4afb-9933-78b361814520",
            "1f34c6bb-1b52-4aa7-aea1-7f9d687139e0",
            "3a1bd47e-64f4-4d86-aca8-bb93031f6436",
            "9e8c1a17-cf9e-4997-95d0-459f883c8303"
          ],
          "failures": [],
          "pending": [],
          "skipped": [],
          "duration": 4567,
          "root": false,
          "rootEmpty": false,
          "_timeout": 2000
        }
      ],
      "passes": [],
      "failures": [],
      "pending": [],
      "skipped": [],
      "duration": 0,
      "root": true,
      "rootEmpty": true,
      "_timeout": 2000
    },
    {
      "uuid": "255a906c-90ff-40e9-ad4e-e031b9aec952",
      "title": "",
      "fullFile": "cypress\\e2e\\webUni\\radio-buttons.cy.js",
      "file": "cypress\\e2e\\webUni\\radio-buttons.cy.js",
      "beforeHooks": [],
      "afterHooks": [],
      "tests": [],
      "suites": [
        {
          "uuid": "07b0920b-e7e3-4a27-b331-812e474175f0",
          "title": "Verify radio buttons via webdriveruni",
          "fullFile": "",
          "file": "",
          "beforeHooks": [],
          "afterHooks": [],
          "tests": [
            {
              "title": "Check specific radio buttons",
              "fullTitle": "Verify radio buttons via webdriveruni Check specific radio buttons",
              "timedOut": null,
              "duration": 2381,
              "state": "passed",
              "speed": "fast",
              "pass": true,
              "fail": false,
              "pending": false,
              "context": null,
              "code": "cy.get('#radio-buttons').find(\"[type='radio']\").first().check();\ncy.get('#radio-buttons').find(\"[type='radio']\").eq(1).check();",
              "err": {},
              "uuid": "810a7904-2375-4860-bf5b-6770d305895d",
              "parentUUID": "07b0920b-e7e3-4a27-b331-812e474175f0",
              "isHook": false,
              "skipped": false
            },
            {
              "title": "Validate the states of specific radio buttons",
              "fullTitle": "Verify radio buttons via webdriveruni Validate the states of specific radio buttons",
              "timedOut": null,
              "duration": 10223,
              "state": "failed",
              "speed": null,
              "pass": false,
              "fail": true,
              "pending": false,
              "context": null,
              "code": "cy.get(\"[value='lettuce']\").should('not.be.checked');\ncy.get(\"[value='pumpkin']\").should('be.checked');\ncy.get(\"[value='lettuce']\").check();\ncy.get(\"[value='lettuce']\").should('be.checked');\ncy.get(\"[value='pumpkin']\").should('not.be.checked');\ncy.get(\"[value='cabbage']\").should('be.disabled');",
              "err": {
                "message": "AssertionError: Timed out retrying after 10000ms: Expected to find element: `[value='lettuce']`, but never found it.",
                "estack": "AssertionError: Timed out retrying after 10000ms: Expected to find element: `[value='lettuce']`, but never found it.\n    at Context.eval (webpack://webdriveruniversity/./cypress/e2e/webUni/radio-buttons.cy.js:14:36)",
                "diff": null
              },
              "uuid": "ae8814ce-cb63-41d1-afc1-a7137e114c8e",
              "parentUUID": "07b0920b-e7e3-4a27-b331-812e474175f0",
              "isHook": false,
              "skipped": false
            }
          ],
          "suites": [],
          "passes": [
            "810a7904-2375-4860-bf5b-6770d305895d"
          ],
          "failures": [
            "ae8814ce-cb63-41d1-afc1-a7137e114c8e"
          ],
          "pending": [],
          "skipped": [],
          "duration": 12604,
          "root": false,
          "rootEmpty": false,
          "_timeout": 2000
        }
      ],
      "passes": [],
      "failures": [],
      "pending": [],
      "skipped": [],
      "duration": 0,
      "root": true,
      "rootEmpty": true,
      "_timeout": 2000
    },
    {
      "uuid": "a0ee7174-7ee5-4af8-97c1-f3f0745027f2",
      "title": "",
      "fullFile": "cypress\\e2e\\webUni\\select-dropdown-list.cy.js",
      "file": "cypress\\e2e\\webUni\\select-dropdown-list.cy.js",
      "beforeHooks": [],
      "afterHooks": [],
      "tests": [],
      "suites": [
        {
          "uuid": "e02f8438-6b50-4f9f-8401-8b9649d56db1",
          "title": "Interact with dropdown lists via webdriveruni",
          "fullFile": "",
          "file": "",
          "beforeHooks": [],
          "afterHooks": [],
          "tests": [
            {
              "title": "Select specific values via select dropdown lists",
              "fullTitle": "Interact with dropdown lists via webdriveruni Select specific values via select dropdown lists",
              "timedOut": null,
              "duration": 3688,
              "state": "passed",
              "speed": "fast",
              "pass": true,
              "fail": false,
              "pending": false,
              "context": null,
              "code": "cy.visit(\"http://www.webdriveruniversity.com\");\ncy.get('#dropdown-checkboxes-radiobuttons').invoke('removeAttr', 'target').click({\n  force: true\n});\ncy.get('#dropdowm-menu-1').select('c#');\ncy.get('#dropdowm-menu-2').select('testng').should('have.value', 'testng');\ncy.get('#dropdowm-menu-3').select('JQuery').contains('JQuery');\ncy.get('#dropdowm-menu-2').select('maven').should('have.value', 'maven');\ncy.get('#dropdowm-menu-2').select('TestNG').contains('TestNG');",
              "err": {},
              "uuid": "76ec92fc-56bc-4c3e-9dac-9d0de14a791d",
              "parentUUID": "e02f8438-6b50-4f9f-8401-8b9649d56db1",
              "isHook": false,
              "skipped": false
            }
          ],
          "suites": [],
          "passes": [
            "76ec92fc-56bc-4c3e-9dac-9d0de14a791d"
          ],
          "failures": [],
          "pending": [],
          "skipped": [],
          "duration": 3688,
          "root": false,
          "rootEmpty": false,
          "_timeout": 2000
        }
      ],
      "passes": [],
      "failures": [],
      "pending": [],
      "skipped": [],
      "duration": 0,
      "root": true,
      "rootEmpty": true,
      "_timeout": 2000
    },
    {
      "uuid": "cc470916-ff3a-4a23-9d77-50d940a86020",
      "title": "",
      "fullFile": "cypress\\e2e\\webUni\\selectors.cy.js",
      "file": "cypress\\e2e\\webUni\\selectors.cy.js",
      "beforeHooks": [],
      "afterHooks": [],
      "tests": [],
      "suites": [
        {
          "uuid": "6fbf0d9d-c574-458d-8713-48d3a0c366a8",
          "title": "Selector examples",
          "fullFile": "",
          "file": "",
          "beforeHooks": [],
          "afterHooks": [],
          "tests": [
            {
              "title": "Examples of Selectors via WebdriverUni Contact Us Page",
              "fullTitle": "Selector examples Examples of Selectors via WebdriverUni Contact Us Page",
              "timedOut": null,
              "duration": 1112,
              "state": "passed",
              "speed": "fast",
              "pass": true,
              "fail": false,
              "pending": false,
              "context": null,
              "code": "cy.visit(\"http://www.webdriveruniversity.com/Contact-Us/contactus.html\");\n//By tag name\ncy.get(\"input\");\n//By attribute name and value\ncy.get(\"input[name='first_name']\");\n//By id\ncy.get(\"#contact_me\");\n//By class\ncy.get(\".feedback-input\");\n//By multiple classes\ncy.get(\"[class='navbar navbar-inverse navbar-fixed-top']\");\n//By two different attributes\ncy.get(\"[name='email'][placeholder='Email Address']\");\n//By xpath\ncy.xpath(\"//input[@name='first_name']\");",
              "err": {},
              "uuid": "8350277a-c88e-4a5b-95af-8b05595386db",
              "parentUUID": "6fbf0d9d-c574-458d-8713-48d3a0c366a8",
              "isHook": false,
              "skipped": false
            }
          ],
          "suites": [],
          "passes": [
            "8350277a-c88e-4a5b-95af-8b05595386db"
          ],
          "failures": [],
          "pending": [],
          "skipped": [],
          "duration": 1112,
          "root": false,
          "rootEmpty": false,
          "_timeout": 2000
        }
      ],
      "passes": [],
      "failures": [],
      "pending": [],
      "skipped": [],
      "duration": 0,
      "root": true,
      "rootEmpty": true,
      "_timeout": 2000
    },
    {
      "uuid": "a104c91b-21b6-4e36-954e-db50bdb0a85c",
      "title": "",
      "fullFile": "cypress\\e2e\\autoMtestStore\\add-multiple-items-to-basket.cy.js",
      "file": "cypress\\e2e\\autoMtestStore\\add-multiple-items-to-basket.cy.js",
      "beforeHooks": [],
      "afterHooks": [],
      "tests": [],
      "suites": [
        {
          "uuid": "fe5b9db3-9157-4240-a94c-40ab2a4ad68e",
          "title": "Add Multiple items to basket",
          "fullFile": "",
          "file": "",
          "beforeHooks": [],
          "afterHooks": [],
          "tests": [
            {
              "title": "Add specific product item to basket",
              "fullTitle": "Add Multiple items to basket Add specific product item to basket",
              "timedOut": null,
              "duration": 8326,
              "state": "passed",
              "speed": "medium",
              "pass": true,
              "fail": false,
              "pending": false,
              "context": null,
              "code": "addHCPTBasket.addHairCareProductToBasket();",
              "err": {},
              "uuid": "7624be6a-0958-4e5c-b1c8-dcf7446f9449",
              "parentUUID": "fe5b9db3-9157-4240-a94c-40ab2a4ad68e",
              "isHook": false,
              "skipped": false
            }
          ],
          "suites": [],
          "passes": [
            "7624be6a-0958-4e5c-b1c8-dcf7446f9449"
          ],
          "failures": [],
          "pending": [],
          "skipped": [],
          "duration": 8326,
          "root": false,
          "rootEmpty": false,
          "_timeout": 2000
        }
      ],
      "passes": [],
      "failures": [],
      "pending": [],
      "skipped": [],
      "duration": 0,
      "root": true,
      "rootEmpty": true,
      "_timeout": 2000
    }
  ],
  "meta": {
    "mocha": {
      "version": "7.0.1"
    },
    "mochawesome": {
      "options": {
        "quiet": false,
        "reportFilename": "mochawesome",
        "saveHtml": false,
        "saveJson": true,
        "consoleReporter": "spec",
        "useInlineDiffs": false,
        "code": true
      },
      "version": "7.1.3"
    },
    "marge": {
      "options": {
        "id": "default",
        "reportDir": "cypress/results/mochawesome",
        "quite": "true",
        "overwrite": "false",
        "html": "false",
        "json": "true"
      },
      "version": "6.2.0"
    }
  }
}
