{
  "stats": {
    "suites": 5,
    "tests": 8,
    "passes": 8,
    "pending": 0,
    "failures": 0,
    "testsRegistered": 8,
    "passPercent": 100,
    "pendingPercent": 0,
    "other": 0,
    "hasOther": false,
    "skipped": 0,
    "hasSkipped": false,
    "start": "2024-02-23T01:38:58.317Z",
    "end": "2024-02-23T01:40:02.924Z",
    "duration": 64607
  },
  "results": [
    {
      "uuid": "4383d8cc-8b87-4118-93ac-972ca0d9248a",
      "title": "",
      "fullFile": "cypress\\e2e\\autoMtestStore\\alias-invoke.cy.js",
      "file": "cypress\\e2e\\autoMtestStore\\alias-invoke.cy.js",
      "beforeHooks": [],
      "afterHooks": [],
      "tests": [],
      "suites": [
        {
          "uuid": "a78b0281-96eb-4bd8-970a-f03a5faf01f8",
          "title": "Alias and invoke command",
          "fullFile": "",
          "file": "",
          "beforeHooks": [],
          "afterHooks": [],
          "tests": [
            {
              "title": "Calculate total of normal and sale products",
              "fullTitle": "Alias and invoke command Calculate total of normal and sale products",
              "timedOut": null,
              "duration": 4378,
              "state": "passed",
              "speed": "fast",
              "pass": true,
              "fail": false,
              "pending": false,
              "context": null,
              "code": "cy.visit(\"https://automationteststore.com/\");\n// cy.get(\".thumbnail\")\n//   .find(\".oneprice\")\n//   .each((el, index, list) => {\n//     const nonSaleProduct = el.text().split(\"$\");\n//   });\n//with alias\nvar itemTotal = 0;\ncy.get(\".thumbnail\").find(\".oneprice\").invoke(\"text\").as(\"nonSaleProduct\");\ncy.get(\"@nonSaleProduct\").then(listtext => {\n  var nonsaleTotal = 0;\n  var productPrice = listtext.split(\"$\");\n  for (let i = 0; i < productPrice.length; i++) {\n    cy.log(productPrice[i]);\n    nonsaleTotal += Number(productPrice[i]);\n  }\n  itemTotal += nonsaleTotal;\n  cy.log(\"All Non sale item total : \" + nonsaleTotal);\n});\n//without alias\ncy.get(\".thumbnail\").find(\".pricenew\").invoke(\"text\").then(listtext => {\n  var saleTotal = 0;\n  var saleproductPrice = listtext.split(\"$\");\n  for (let i = 0; i < saleproductPrice.length; i++) {\n    cy.log(saleproductPrice[i]);\n    saleTotal += Number(saleproductPrice[i]);\n  }\n  itemTotal += saleTotal;\n  cy.log(\"All Sale item total : \" + saleTotal);\n}).then(() => {\n  cy.log(\"Oerall Product total : \" + itemTotal);\n  expect(itemTotal).to.equal(660.5);\n});",
              "err": {},
              "uuid": "f58cccf1-f5cb-4ec6-8a9c-138b8834c212",
              "parentUUID": "a78b0281-96eb-4bd8-970a-f03a5faf01f8",
              "isHook": false,
              "skipped": false
            }
          ],
          "suites": [],
          "passes": [
            "f58cccf1-f5cb-4ec6-8a9c-138b8834c212"
          ],
          "failures": [],
          "pending": [],
          "skipped": [],
          "duration": 4378,
          "root": false,
          "rootEmpty": false,
          "_timeout": 2000
        }
      ],
      "passes": [],
      "failures": [],
      "pending": [],
      "skipped": [],
      "duration": 0,
      "root": true,
      "rootEmpty": true,
      "_timeout": 2000
    },
    {
      "uuid": "f494416f-4015-44ff-8dbc-76639d775798",
      "title": "",
      "fullFile": "cypress\\e2e\\autoMtestStore\\contact-us.cy.js",
      "file": "cypress\\e2e\\autoMtestStore\\contact-us.cy.js",
      "beforeHooks": [],
      "afterHooks": [],
      "tests": [],
      "suites": [
        {
          "uuid": "102d0093-4ea0-4deb-96bf-8b8867233193",
          "title": "Test Contach Us form via WebdriverUniversity",
          "fullFile": "",
          "file": "",
          "beforeHooks": [],
          "afterHooks": [],
          "tests": [
            {
              "title": "Should be able to submit a successful submission via contact us form",
              "fullTitle": "Test Contach Us form via WebdriverUniversity Should be able to submit a successful submission via contact us form",
              "timedOut": null,
              "duration": 8091,
              "state": "passed",
              "speed": "medium",
              "pass": true,
              "fail": false,
              "pending": false,
              "context": null,
              "code": "//cypress code\ncy.visit(\"https://automationteststore.com/\");\ncy.get(\".info_links_footer\").contains(\"Contact Us\").click();\ncy.get(\"@user\").then(user => {\n  cy.get(\"[name='first_name']\").type(user.name);\n  cy.get(\"[for='ContactUsFrm_email']\").type(user.email);\n  cy.get('[name=\"enquiry\"]').type(\"this is the enquiry textbox \");\n});\ncy.get(\"[title='Submit']\").click();\ncy.get(\".contentpanel p\").should(\"have.text\", \"Your enquiry has been successfully sent to the store owner!\");",
              "err": {},
              "uuid": "b2714f13-e14c-4588-81e7-297480a9265d",
              "parentUUID": "102d0093-4ea0-4deb-96bf-8b8867233193",
              "isHook": false,
              "skipped": false
            }
          ],
          "suites": [],
          "passes": [
            "b2714f13-e14c-4588-81e7-297480a9265d"
          ],
          "failures": [],
          "pending": [],
          "skipped": [],
          "duration": 8091,
          "root": false,
          "rootEmpty": false,
          "_timeout": 2000
        }
      ],
      "passes": [],
      "failures": [],
      "pending": [],
      "skipped": [],
      "duration": 0,
      "root": true,
      "rootEmpty": true,
      "_timeout": 2000
    },
    {
      "uuid": "69f01058-fe6b-42ae-877b-bcd904a6b2eb",
      "title": "",
      "fullFile": "cypress\\e2e\\autoMtestStore\\iterate-over-element.cy.js",
      "file": "cypress\\e2e\\autoMtestStore\\iterate-over-element.cy.js",
      "beforeHooks": [],
      "afterHooks": [],
      "tests": [],
      "suites": [
        {
          "uuid": "e0dad123-b344-400a-a939-838c63b43dc8",
          "title": "Iterate over elements",
          "fullFile": "",
          "file": "",
          "beforeHooks": [],
          "afterHooks": [],
          "tests": [
            {
              "title": "Log information of all hair care products",
              "fullTitle": "Iterate over elements Log information of all hair care products",
              "timedOut": null,
              "duration": 5461,
              "state": "passed",
              "speed": "medium",
              "pass": true,
              "fail": false,
              "pending": false,
              "context": null,
              "code": "cy.get(\".fixed_wrapper .prdocutname\").each((ele, index, list) => {\n  cy.log(\"list [\" + index + \"] is : \" + ele.text());\n  cy.log(list.text());\n});",
              "err": {},
              "uuid": "6c4a0392-2f66-403e-8b8b-d57af4c8316f",
              "parentUUID": "e0dad123-b344-400a-a939-838c63b43dc8",
              "isHook": false,
              "skipped": false
            },
            {
              "title": "Add specific product to basket",
              "fullTitle": "Iterate over elements Add specific product to basket",
              "timedOut": null,
              "duration": 2563,
              "state": "passed",
              "speed": "fast",
              "pass": true,
              "fail": false,
              "pending": false,
              "context": null,
              "code": "cy.selectProduct(\"Curls to straight Shampoo\");",
              "err": {},
              "uuid": "fe8619de-2344-4aa7-9b0f-e7c09a81ecd9",
              "parentUUID": "e0dad123-b344-400a-a939-838c63b43dc8",
              "isHook": false,
              "skipped": false
            },
            {
              "title": "Add another specific product to basket",
              "fullTitle": "Iterate over elements Add another specific product to basket",
              "timedOut": null,
              "duration": 3804,
              "state": "passed",
              "speed": "fast",
              "pass": true,
              "fail": false,
              "pending": false,
              "context": null,
              "code": "cy.selectProduct(\"Eau Parfumee au The Vert Shampoo\");",
              "err": {},
              "uuid": "bf591ec6-d2e8-4a1e-b4c0-4aaffa629205",
              "parentUUID": "e0dad123-b344-400a-a939-838c63b43dc8",
              "isHook": false,
              "skipped": false
            },
            {
              "title": "Add another specific product to basket 2",
              "fullTitle": "Iterate over elements Add another specific product to basket 2",
              "timedOut": null,
              "duration": 3345,
              "state": "passed",
              "speed": "fast",
              "pass": true,
              "fail": false,
              "pending": false,
              "context": null,
              "code": "cy.selectProduct(\"Seaweed Conditioner\");",
              "err": {},
              "uuid": "3882ef38-7c81-4408-a04f-0dca7805b386",
              "parentUUID": "e0dad123-b344-400a-a939-838c63b43dc8",
              "isHook": false,
              "skipped": false
            }
          ],
          "suites": [],
          "passes": [
            "6c4a0392-2f66-403e-8b8b-d57af4c8316f",
            "fe8619de-2344-4aa7-9b0f-e7c09a81ecd9",
            "bf591ec6-d2e8-4a1e-b4c0-4aaffa629205",
            "3882ef38-7c81-4408-a04f-0dca7805b386"
          ],
          "failures": [],
          "pending": [],
          "skipped": [],
          "duration": 15173,
          "root": false,
          "rootEmpty": false,
          "_timeout": 2000
        }
      ],
      "passes": [],
      "failures": [],
      "pending": [],
      "skipped": [],
      "duration": 0,
      "root": true,
      "rootEmpty": true,
      "_timeout": 2000
    },
    {
      "uuid": "ad11e927-33ba-4277-bc5b-1eef447f9f9e",
      "title": "",
      "fullFile": "cypress\\e2e\\autoMtestStore\\variables_cy_commands.cy.js",
      "file": "cypress\\e2e\\autoMtestStore\\variables_cy_commands.cy.js",
      "beforeHooks": [],
      "afterHooks": [],
      "tests": [],
      "suites": [
        {
          "uuid": "f0cd7f23-50f3-4e4f-945a-fbb99883825e",
          "title": "Verifying variables, cypress commands and jquery commands",
          "fullFile": "",
          "file": "",
          "beforeHooks": [],
          "afterHooks": [],
          "tests": [
            {
              "title": "Navigating contact us page properties ",
              "fullTitle": "Verifying variables, cypress commands and jquery commands Navigating contact us page properties ",
              "timedOut": null,
              "duration": 3190,
              "state": "passed",
              "speed": "fast",
              "pass": true,
              "fail": false,
              "pending": false,
              "context": null,
              "code": "//recommended\ncy.visit(\"https://automationteststore.com/index.php?rt=content/contact\");\n//Uses cypress command and chaining\ncy.contains(\"#ContactUsFrm\", \"Contact Us Form\").find(\"#field_11\").should(\"contain\", \"First name:\");\n//JQuery Approach\ncy.contains(\"#ContactUsFrm\", \"Contact Us Form\").then(text => {\n  const firstNameText = text.find(\"#field_11\").text();\n  cy.log(firstNameText);\n  expect(firstNameText).to.contain(\"First name:\");\n  //expect(firstNameText).is.eq(\"First name:\"); //its failed beacuse it return selector not text\n});\n//Embeded commands(closure)\ncy.get(\"#field_11\").then(fntext => {\n  cy.log(fntext.text());\n  cy.log(fntext);\n});",
              "err": {},
              "uuid": "c669d538-aba6-4ad4-b08e-1aa46101461d",
              "parentUUID": "f0cd7f23-50f3-4e4f-945a-fbb99883825e",
              "isHook": false,
              "skipped": false
            }
          ],
          "suites": [],
          "passes": [
            "c669d538-aba6-4ad4-b08e-1aa46101461d"
          ],
          "failures": [],
          "pending": [],
          "skipped": [],
          "duration": 3190,
          "root": false,
          "rootEmpty": false,
          "_timeout": 2000
        }
      ],
      "passes": [],
      "failures": [],
      "pending": [],
      "skipped": [],
      "duration": 0,
      "root": true,
      "rootEmpty": true,
      "_timeout": 2000
    },
    {
      "uuid": "cc6fa272-db65-4220-aeb5-593647e8d496",
      "title": "",
      "fullFile": "cypress\\e2e\\autoMtestStore\\add-multiple-items-to-basket.cy.js",
      "file": "cypress\\e2e\\autoMtestStore\\add-multiple-items-to-basket.cy.js",
      "beforeHooks": [],
      "afterHooks": [],
      "tests": [],
      "suites": [
        {
          "uuid": "44cc6306-4d92-44c3-bf81-25078221f496",
          "title": "Add Multiple items to basket",
          "fullFile": "",
          "file": "",
          "beforeHooks": [],
          "afterHooks": [],
          "tests": [
            {
              "title": "Add specific product item to basket",
              "fullTitle": "Add Multiple items to basket Add specific product item to basket",
              "timedOut": null,
              "duration": 8028,
              "state": "passed",
              "speed": "medium",
              "pass": true,
              "fail": false,
              "pending": false,
              "context": null,
              "code": "addHCPTBasket.addHairCareProductToBasket();",
              "err": {},
              "uuid": "a00a063c-37d5-4865-ab54-d566b4005e5c",
              "parentUUID": "44cc6306-4d92-44c3-bf81-25078221f496",
              "isHook": false,
              "skipped": false
            }
          ],
          "suites": [],
          "passes": [
            "a00a063c-37d5-4865-ab54-d566b4005e5c"
          ],
          "failures": [],
          "pending": [],
          "skipped": [],
          "duration": 8028,
          "root": false,
          "rootEmpty": false,
          "_timeout": 2000
        }
      ],
      "passes": [],
      "failures": [],
      "pending": [],
      "skipped": [],
      "duration": 0,
      "root": true,
      "rootEmpty": true,
      "_timeout": 2000
    }
  ],
  "meta": {
    "mocha": {
      "version": "7.0.1"
    },
    "mochawesome": {
      "options": {
        "quiet": false,
        "reportFilename": "mochawesome",
        "saveHtml": false,
        "saveJson": true,
        "consoleReporter": "spec",
        "useInlineDiffs": false,
        "code": true
      },
      "version": "7.1.3"
    },
    "marge": {
      "options": {
        "id": "default",
        "reportDir": "cypress/results/mochawesome",
        "quite": "true",
        "overwrite": "false",
        "html": "false",
        "json": "true"
      },
      "version": "6.2.0"
    }
  }
}
