{
  "stats": {
    "suites": 1,
    "tests": 2,
    "passes": 0,
    "pending": 0,
    "failures": 2,
    "start": "2024-03-01T16:39:04.350Z",
    "end": "2024-03-01T16:39:06.038Z",
    "duration": 1688,
    "testsRegistered": 2,
    "passPercent": 0,
    "pendingPercent": 0,
    "other": 0,
    "hasOther": false,
    "skipped": 0,
    "hasSkipped": false
  },
  "results": [
    {
      "uuid": "a8f0bf15-6aa1-454d-a33e-d95aabee6816",
      "title": "",
      "fullFile": "cypress\\e2e\\API_Testing\\post_create-request.cy.js",
      "file": "cypress\\e2e\\API_Testing\\post_create-request.cy.js",
      "beforeHooks": [],
      "afterHooks": [],
      "tests": [],
      "suites": [
        {
          "uuid": "c66a9c49-c2cd-42da-b477-37b650a6a2a3",
          "title": "Post Request",
          "fullFile": "",
          "file": "",
          "beforeHooks": [],
          "afterHooks": [],
          "tests": [
            {
              "title": "Create a new post using random generation dynamic data via /posts api and validate the status code 201 ",
              "fullTitle": "Post Request Create a new post using random generation dynamic data via /posts api and validate the status code 201 ",
              "timedOut": null,
              "duration": 808,
              "state": "failed",
              "speed": null,
              "pass": false,
              "fail": true,
              "pending": false,
              "context": null,
              "code": "cy.request({\n  method: \"POST\",\n  url: \"http://localhost:3000/posts\",\n  body: {\n    title: randomtitle,\n    author: \"Sarah Jones\"\n  }\n}).then(function (response) {\n  expect(response.status).to.eql(201);\n});",
              "err": {
                "message": "CypressError: `cy.request()` failed trying to load:\n\nhttp://localhost:3000/posts\n\nWe attempted to make an http request to this URL but the request failed without a response.\n\nWe received this error at the network level:\n\n  > Error: connect ECONNREFUSED 127.0.0.1:3000\n\n-----------------------------------------------------------\n\nThe request we sent was:\n\nMethod: POST\nURL: http://localhost:3000/posts\n\n-----------------------------------------------------------\n\nCommon situations why this would fail:\n  - you don't have internet access\n  - you forgot to run / boot your web server\n  - your web server isn't accessible\n  - you have weird network configuration settings on your computer\n\nhttps://on.cypress.io/request",
                "estack": "CypressError: `cy.request()` failed trying to load:\n\nhttp://localhost:3000/posts\n\nWe attempted to make an http request to this URL but the request failed without a response.\n\nWe received this error at the network level:\n\n  > Error: connect ECONNREFUSED 127.0.0.1:3000\n\n-----------------------------------------------------------\n\nThe request we sent was:\n\nMethod: POST\nURL: http://localhost:3000/posts\n\n-----------------------------------------------------------\n\nCommon situations why this would fail:\n  - you don't have internet access\n  - you forgot to run / boot your web server\n  - your web server isn't accessible\n  - you have weird network configuration settings on your computer\n\nhttps://on.cypress.io/request\n    at <unknown> (https://www.webdriveruniversity.com/__cypress/runner/cypress_runner.js:133056:70)\n    at tryCatcher (https://www.webdriveruniversity.com/__cypress/runner/cypress_runner.js:1807:23)\n    at <unknown> (https://www.webdriveruniversity.com/__cypress/runner/cypress_runner.js:4203:37)\n    at tryCatcher (https://www.webdriveruniversity.com/__cypress/runner/cypress_runner.js:1807:23)\n    at Promise._settlePromiseFromHandler (https://www.webdriveruniversity.com/__cypress/runner/cypress_runner.js:1519:31)\n    at Promise._settlePromise (https://www.webdriveruniversity.com/__cypress/runner/cypress_runner.js:1576:18)\n    at Promise._settlePromise0 (https://www.webdriveruniversity.com/__cypress/runner/cypress_runner.js:1621:10)\n    at Promise._settlePromises (https://www.webdriveruniversity.com/__cypress/runner/cypress_runner.js:1697:18)\n    at _drainQueueStep (https://www.webdriveruniversity.com/__cypress/runner/cypress_runner.js:2407:12)\n    at _drainQueue (https://www.webdriveruniversity.com/__cypress/runner/cypress_runner.js:2400:9)\n    at Async._drainQueues (https://www.webdriveruniversity.com/__cypress/runner/cypress_runner.js:2416:5)\n    at Async.drainQueues (https://www.webdriveruniversity.com/__cypress/runner/cypress_runner.js:2286:14)\nFrom Your Spec Code:\n    at Context.eval (cypress/e2e/API_Testing/post_create-request.cy.js:45:7)\n\nFrom Node.js Internals:\n  RequestError: Error: connect ECONNREFUSED 127.0.0.1:3000\n      at new r (<embedded>:1832:361373)\n      at ee.callback (<embedded>:1832:367374)\n      at e.callback.s.callback [as _callback] (<embedded>:1832:366820)\n      at s._callback.s.callback.s.callback (<embedded>:2050:91633)\n      at ee.emit (node:events:513:28)\n      at ee.onRequestError (<embedded>:2050:100575)\n      at ClientRequest.emit (node:events:525:35)\n      at Socket.socketErrorListener (node:_http_client:502:9)\n      at Socket.emit (node:events:513:28)\n      at emitErrorNT (node:internal/streams/destroy:151:8)\n      at emitErrorCloseNT (node:internal/streams/destroy:116:3)\n      at process.processTicksAndRejections (node:internal/process/task_queues:82:21)",
                "diff": null
              },
              "uuid": "1f00f278-5bd6-49a2-8a13-c3195c02235f",
              "parentUUID": "c66a9c49-c2cd-42da-b477-37b650a6a2a3",
              "isHook": false,
              "skipped": false
            },
            {
              "title": "Validate title of latest post using random title",
              "fullTitle": "Post Request Validate title of latest post using random title",
              "timedOut": null,
              "duration": 775,
              "state": "failed",
              "speed": null,
              "pass": false,
              "fail": true,
              "pending": false,
              "context": null,
              "code": "cy.request({\n  method: \"GET\",\n  url: \"http://localhost:3000/posts\",\n  headres: {\n    accept: \"application/json\"\n  }\n}).then(function (response) {\n  var body = JSON.parse(JSON.stringify(response.body));\n  body.forEach(function (item) {\n    titleOfPost.push(item[\"title\"]);\n  });\n  cy.log(titleOfPost);\n}).then(function () {\n  var latestPost = titleOfPost[titleOfPost.length - 1];\n  expect(latestPost).to.eq(randomtitle);\n});",
              "err": {
                "message": "CypressError: `cy.request()` failed trying to load:\n\nhttp://localhost:3000/posts\n\nWe attempted to make an http request to this URL but the request failed without a response.\n\nWe received this error at the network level:\n\n  > Error: connect ECONNREFUSED 127.0.0.1:3000\n\n-----------------------------------------------------------\n\nThe request we sent was:\n\nMethod: GET\nURL: http://localhost:3000/posts\n\n-----------------------------------------------------------\n\nCommon situations why this would fail:\n  - you don't have internet access\n  - you forgot to run / boot your web server\n  - your web server isn't accessible\n  - you have weird network configuration settings on your computer\n\nhttps://on.cypress.io/request",
                "estack": "CypressError: `cy.request()` failed trying to load:\n\nhttp://localhost:3000/posts\n\nWe attempted to make an http request to this URL but the request failed without a response.\n\nWe received this error at the network level:\n\n  > Error: connect ECONNREFUSED 127.0.0.1:3000\n\n-----------------------------------------------------------\n\nThe request we sent was:\n\nMethod: GET\nURL: http://localhost:3000/posts\n\n-----------------------------------------------------------\n\nCommon situations why this would fail:\n  - you don't have internet access\n  - you forgot to run / boot your web server\n  - your web server isn't accessible\n  - you have weird network configuration settings on your computer\n\nhttps://on.cypress.io/request\n    at <unknown> (https://www.webdriveruniversity.com/__cypress/runner/cypress_runner.js:133056:70)\n    at tryCatcher (https://www.webdriveruniversity.com/__cypress/runner/cypress_runner.js:1807:23)\n    at <unknown> (https://www.webdriveruniversity.com/__cypress/runner/cypress_runner.js:4203:37)\n    at tryCatcher (https://www.webdriveruniversity.com/__cypress/runner/cypress_runner.js:1807:23)\n    at Promise._settlePromiseFromHandler (https://www.webdriveruniversity.com/__cypress/runner/cypress_runner.js:1519:31)\n    at Promise._settlePromise (https://www.webdriveruniversity.com/__cypress/runner/cypress_runner.js:1576:18)\n    at Promise._settlePromise0 (https://www.webdriveruniversity.com/__cypress/runner/cypress_runner.js:1621:10)\n    at Promise._settlePromises (https://www.webdriveruniversity.com/__cypress/runner/cypress_runner.js:1697:18)\n    at _drainQueueStep (https://www.webdriveruniversity.com/__cypress/runner/cypress_runner.js:2407:12)\n    at _drainQueue (https://www.webdriveruniversity.com/__cypress/runner/cypress_runner.js:2400:9)\n    at Async._drainQueues (https://www.webdriveruniversity.com/__cypress/runner/cypress_runner.js:2416:5)\n    at Async.drainQueues (https://www.webdriveruniversity.com/__cypress/runner/cypress_runner.js:2286:14)\nFrom Your Spec Code:\n    at Context.eval (cypress/e2e/API_Testing/post_create-request.cy.js:58:7)\n\nFrom Node.js Internals:\n  RequestError: Error: connect ECONNREFUSED 127.0.0.1:3000\n      at new r (<embedded>:1832:361373)\n      at ee.callback (<embedded>:1832:367374)\n      at e.callback.s.callback [as _callback] (<embedded>:1832:366820)\n      at s._callback.s.callback.s.callback (<embedded>:2050:91633)\n      at ee.emit (node:events:513:28)\n      at ee.onRequestError (<embedded>:2050:100575)\n      at ClientRequest.emit (node:events:525:35)\n      at Socket.socketErrorListener (node:_http_client:502:9)\n      at Socket.emit (node:events:513:28)\n      at emitErrorNT (node:internal/streams/destroy:151:8)\n      at emitErrorCloseNT (node:internal/streams/destroy:116:3)\n      at process.processTicksAndRejections (node:internal/process/task_queues:82:21)",
                "diff": null
              },
              "uuid": "0e1cda67-a500-4701-9c8b-e9c223801b7c",
              "parentUUID": "c66a9c49-c2cd-42da-b477-37b650a6a2a3",
              "isHook": false,
              "skipped": false
            }
          ],
          "suites": [],
          "passes": [],
          "failures": [
            "1f00f278-5bd6-49a2-8a13-c3195c02235f",
            "0e1cda67-a500-4701-9c8b-e9c223801b7c"
          ],
          "pending": [],
          "skipped": [],
          "duration": 1583,
          "root": false,
          "rootEmpty": false,
          "_timeout": 2000
        }
      ],
      "passes": [],
      "failures": [],
      "pending": [],
      "skipped": [],
      "duration": 0,
      "root": true,
      "rootEmpty": true,
      "_timeout": 2000
    }
  ],
  "meta": {
    "mocha": {
      "version": "7.0.1"
    },
    "mochawesome": {
      "options": {
        "quiet": false,
        "reportFilename": "mochawesome",
        "saveHtml": false,
        "saveJson": true,
        "consoleReporter": "spec",
        "useInlineDiffs": false,
        "code": true
      },
      "version": "7.1.3"
    },
    "marge": {
      "options": {
        "id": "default",
        "reportDir": "cypress/results/mochawesome",
        "quite": "true",
        "overwrite": "false",
        "html": "false",
        "json": "true"
      },
      "version": "6.2.0"
    }
  }
}