{
  "stats": {
    "suites": 1,
    "tests": 4,
    "passes": 4,
    "pending": 0,
    "failures": 0,
    "start": "2024-03-01T16:21:21.703Z",
    "end": "2024-03-01T16:21:36.536Z",
    "duration": 14833,
    "testsRegistered": 4,
    "passPercent": 100,
    "pendingPercent": 0,
    "other": 0,
    "hasOther": false,
    "skipped": 0,
    "hasSkipped": false
  },
  "results": [
    {
      "uuid": "c1bd0739-df52-4680-ac98-59f3cf11dae7",
      "title": "",
      "fullFile": "cypress\\e2e\\autoMtestStore\\iterate-over-element.cy.js",
      "file": "cypress\\e2e\\autoMtestStore\\iterate-over-element.cy.js",
      "beforeHooks": [],
      "afterHooks": [],
      "tests": [],
      "suites": [
        {
          "uuid": "608fd286-2586-468f-a68a-695485b488a2",
          "title": "Iterate over elements",
          "fullFile": "",
          "file": "",
          "beforeHooks": [],
          "afterHooks": [],
          "tests": [
            {
              "title": "Log information of all hair care products",
              "fullTitle": "Iterate over elements Log information of all hair care products",
              "timedOut": null,
              "duration": 4233,
              "state": "passed",
              "speed": "fast",
              "pass": true,
              "fail": false,
              "pending": false,
              "context": null,
              "code": "cy.get(\".fixed_wrapper .prdocutname\").each(function (ele, index, list) {\n  cy.log(\"list [\" + index + \"] is : \" + ele.text());\n  cy.log(list.text());\n});",
              "err": {},
              "uuid": "39b8133f-0a73-42a0-a7bb-260ba6b2b4ca",
              "parentUUID": "608fd286-2586-468f-a68a-695485b488a2",
              "isHook": false,
              "skipped": false
            },
            {
              "title": "Add specific product to basket",
              "fullTitle": "Iterate over elements Add specific product to basket",
              "timedOut": null,
              "duration": 1943,
              "state": "passed",
              "speed": "fast",
              "pass": true,
              "fail": false,
              "pending": false,
              "context": null,
              "code": "cy.selectProduct(\"Curls to straight Shampoo\");",
              "err": {},
              "uuid": "f1cecdce-6b0b-4103-bb87-a66e20a38256",
              "parentUUID": "608fd286-2586-468f-a68a-695485b488a2",
              "isHook": false,
              "skipped": false
            },
            {
              "title": "Add another specific product to basket",
              "fullTitle": "Iterate over elements Add another specific product to basket",
              "timedOut": null,
              "duration": 4022,
              "state": "passed",
              "speed": "fast",
              "pass": true,
              "fail": false,
              "pending": false,
              "context": null,
              "code": "cy.selectProduct(\"Eau Parfumee au The Vert Shampoo\");",
              "err": {},
              "uuid": "ccca0317-82f8-4fd3-b8f3-ad594aa34795",
              "parentUUID": "608fd286-2586-468f-a68a-695485b488a2",
              "isHook": false,
              "skipped": false
            },
            {
              "title": "Add another specific product to basket 2",
              "fullTitle": "Iterate over elements Add another specific product to basket 2",
              "timedOut": null,
              "duration": 2101,
              "state": "passed",
              "speed": "fast",
              "pass": true,
              "fail": false,
              "pending": false,
              "context": null,
              "code": "cy.selectProduct(\"Seaweed Conditioner\");",
              "err": {},
              "uuid": "efe89df8-6054-4257-a860-664ceb10d9db",
              "parentUUID": "608fd286-2586-468f-a68a-695485b488a2",
              "isHook": false,
              "skipped": false
            }
          ],
          "suites": [],
          "passes": [
            "39b8133f-0a73-42a0-a7bb-260ba6b2b4ca",
            "f1cecdce-6b0b-4103-bb87-a66e20a38256",
            "ccca0317-82f8-4fd3-b8f3-ad594aa34795",
            "efe89df8-6054-4257-a860-664ceb10d9db"
          ],
          "failures": [],
          "pending": [],
          "skipped": [],
          "duration": 12299,
          "root": false,
          "rootEmpty": false,
          "_timeout": 2000
        }
      ],
      "passes": [],
      "failures": [],
      "pending": [],
      "skipped": [],
      "duration": 0,
      "root": true,
      "rootEmpty": true,
      "_timeout": 2000
    }
  ],
  "meta": {
    "mocha": {
      "version": "7.0.1"
    },
    "mochawesome": {
      "options": {
        "quiet": false,
        "reportFilename": "mochawesome",
        "saveHtml": false,
        "saveJson": true,
        "consoleReporter": "spec",
        "useInlineDiffs": false,
        "code": true
      },
      "version": "7.1.3"
    },
    "marge": {
      "options": {
        "id": "default",
        "reportDir": "cypress/results/mochawesome",
        "quite": "true",
        "overwrite": "false",
        "html": "false",
        "json": "true"
      },
      "version": "6.2.0"
    }
  }
}