{
  "stats": {
    "suites": 1,
    "tests": 2,
    "passes": 2,
    "pending": 0,
    "failures": 0,
    "start": "2024-02-23T07:40:42.596Z",
    "end": "2024-02-23T07:40:49.233Z",
    "duration": 6637,
    "testsRegistered": 2,
    "passPercent": 100,
    "pendingPercent": 0,
    "other": 0,
    "hasOther": false,
    "skipped": 0,
    "hasSkipped": false
  },
  "results": [
    {
      "uuid": "ae6e29fe-5010-45c9-bf35-e4ad8974b6fb",
      "title": "",
      "fullFile": "cypress\\e2e\\webUni\\file-upload.cy.js",
      "file": "cypress\\e2e\\webUni\\file-upload.cy.js",
      "beforeHooks": [],
      "afterHooks": [],
      "tests": [],
      "suites": [
        {
          "uuid": "ed483e8e-4a0a-454a-801b-bc5b1a779c34",
          "title": "Test File Upload via webdriveruni",
          "fullFile": "",
          "file": "",
          "beforeHooks": [],
          "afterHooks": [],
          "tests": [
            {
              "title": "Upload a file....",
              "fullTitle": "Test File Upload via webdriveruni Upload a file....",
              "timedOut": null,
              "duration": 3071,
              "state": "passed",
              "speed": "fast",
              "pass": true,
              "fail": false,
              "pending": false,
              "context": null,
              "code": "cy.visit(\"http://www.webdriveruniversity.com\");\ncy.get('#file-upload').invoke('removeAttr', 'target').click({\n  force: true\n});\ncy.get(\"#myFile\").selectFile(\"cypress/fixtures/laptop.png\");\ncy.get(\"#submit-button\").click();",
              "err": {},
              "uuid": "727c445f-a40a-4839-9ed4-045a7f124b1a",
              "parentUUID": "ed483e8e-4a0a-454a-801b-bc5b1a779c34",
              "isHook": false,
              "skipped": false
            },
            {
              "title": "Upload No file...",
              "fullTitle": "Test File Upload via webdriveruni Upload No file...",
              "timedOut": null,
              "duration": 827,
              "state": "passed",
              "speed": "fast",
              "pass": true,
              "fail": false,
              "pending": false,
              "context": null,
              "code": "cy.visit(\"http://www.webdriveruniversity.com\");\ncy.get('#file-upload').invoke('removeAttr', 'target').click({\n  force: true\n});\ncy.get(\"#submit-button\").click();",
              "err": {},
              "uuid": "329ae939-89a4-4b67-8bcf-12516fa30445",
              "parentUUID": "ed483e8e-4a0a-454a-801b-bc5b1a779c34",
              "isHook": false,
              "skipped": false
            }
          ],
          "suites": [],
          "passes": [
            "727c445f-a40a-4839-9ed4-045a7f124b1a",
            "329ae939-89a4-4b67-8bcf-12516fa30445"
          ],
          "failures": [],
          "pending": [],
          "skipped": [],
          "duration": 3898,
          "root": false,
          "rootEmpty": false,
          "_timeout": 2000
        }
      ],
      "passes": [],
      "failures": [],
      "pending": [],
      "skipped": [],
      "duration": 0,
      "root": true,
      "rootEmpty": true,
      "_timeout": 2000
    }
  ],
  "meta": {
    "mocha": {
      "version": "7.0.1"
    },
    "mochawesome": {
      "options": {
        "quiet": false,
        "reportFilename": "mochawesome",
        "saveHtml": false,
        "saveJson": true,
        "consoleReporter": "spec",
        "useInlineDiffs": false,
        "code": true
      },
      "version": "7.1.3"
    },
    "marge": {
      "options": {
        "id": "default",
        "reportDir": "cypress/results/mochawesome",
        "quite": "true",
        "overwrite": "false",
        "html": "false",
        "json": "true"
      },
      "version": "6.2.0"
    }
  }
}