{
  "stats": {
    "suites": 1,
    "tests": 1,
    "passes": 1,
    "pending": 0,
    "failures": 0,
    "start": "2024-02-24T07:20:58.689Z",
    "end": "2024-02-24T07:21:09.172Z",
    "duration": 10483,
    "testsRegistered": 1,
    "passPercent": 100,
    "pendingPercent": 0,
    "other": 0,
    "hasOther": false,
    "skipped": 0,
    "hasSkipped": false
  },
  "results": [
    {
      "uuid": "263de666-bc10-4806-89f2-96ed30251cdb",
      "title": "",
      "fullFile": "cypress\\e2e\\autoMtestStore\\add-multiple-items-to-basket.cy.js",
      "file": "cypress\\e2e\\autoMtestStore\\add-multiple-items-to-basket.cy.js",
      "beforeHooks": [],
      "afterHooks": [],
      "tests": [],
      "suites": [
        {
          "uuid": "60cc307a-08ce-4c31-97b8-7ef5ab590376",
          "title": "Add Multiple items to basket",
          "fullFile": "",
          "file": "",
          "beforeHooks": [],
          "afterHooks": [],
          "tests": [
            {
              "title": "Add specific product item to basket",
              "fullTitle": "Add Multiple items to basket Add specific product item to basket",
              "timedOut": null,
              "duration": 7539,
              "state": "passed",
              "speed": "medium",
              "pass": true,
              "fail": false,
              "pending": false,
              "context": null,
              "code": "addHCPTBasket.addHairCareProductToBasket();",
              "err": {},
              "uuid": "ebb930e2-cd26-4c6e-9f04-1f4c221747b0",
              "parentUUID": "60cc307a-08ce-4c31-97b8-7ef5ab590376",
              "isHook": false,
              "skipped": false
            }
          ],
          "suites": [],
          "passes": [
            "ebb930e2-cd26-4c6e-9f04-1f4c221747b0"
          ],
          "failures": [],
          "pending": [],
          "skipped": [],
          "duration": 7539,
          "root": false,
          "rootEmpty": false,
          "_timeout": 2000
        }
      ],
      "passes": [],
      "failures": [],
      "pending": [],
      "skipped": [],
      "duration": 0,
      "root": true,
      "rootEmpty": true,
      "_timeout": 2000
    }
  ],
  "meta": {
    "mocha": {
      "version": "7.0.1"
    },
    "mochawesome": {
      "options": {
        "quiet": false,
        "reportFilename": "mochawesome",
        "saveHtml": false,
        "saveJson": true,
        "consoleReporter": "spec",
        "useInlineDiffs": false,
        "code": true
      },
      "version": "7.1.3"
    },
    "marge": {
      "options": {
        "id": "default",
        "reportDir": "cypress/results/mochawesome",
        "quite": "true",
        "overwrite": "false",
        "html": "false",
        "json": "true"
      },
      "version": "6.2.0"
    }
  }
}