{
  "stats": {
    "suites": 1,
    "tests": 2,
    "passes": 2,
    "pending": 0,
    "failures": 0,
    "start": "2024-02-24T13:25:17.096Z",
    "end": "2024-02-24T13:25:17.207Z",
    "duration": 111,
    "testsRegistered": 2,
    "passPercent": 100,
    "pendingPercent": 0,
    "other": 0,
    "hasOther": false,
    "skipped": 0,
    "hasSkipped": false
  },
  "results": [
    {
      "uuid": "58247b20-6eb9-4771-b705-1e9313488eb6",
      "title": "",
      "fullFile": "cypress\\e2e\\other1\\hooks.cy.js",
      "file": "cypress\\e2e\\other1\\hooks.cy.js",
      "beforeHooks": [],
      "afterHooks": [],
      "tests": [],
      "suites": [
        {
          "uuid": "47ea884f-8838-4f09-9e2f-1b3443bff2bb",
          "title": "Hooks",
          "fullFile": "",
          "file": "",
          "beforeHooks": [],
          "afterHooks": [],
          "tests": [
            {
              "title": "Example test-1",
              "fullTitle": "Hooks Example test-1",
              "timedOut": null,
              "duration": 34,
              "state": "passed",
              "speed": "fast",
              "pass": true,
              "fail": false,
              "pending": false,
              "context": null,
              "code": "cy.log(\"Example test1\");",
              "err": {},
              "uuid": "b3f90d22-618b-419a-ab0c-a8112aeab6e7",
              "parentUUID": "47ea884f-8838-4f09-9e2f-1b3443bff2bb",
              "isHook": false,
              "skipped": false
            },
            {
              "title": "Example test-2",
              "fullTitle": "Hooks Example test-2",
              "timedOut": null,
              "duration": 16,
              "state": "passed",
              "speed": "fast",
              "pass": true,
              "fail": false,
              "pending": false,
              "context": null,
              "code": "cy.log(\"Example test2\");",
              "err": {},
              "uuid": "c9a056a4-5d17-448d-8c4c-d5773f9f6ca7",
              "parentUUID": "47ea884f-8838-4f09-9e2f-1b3443bff2bb",
              "isHook": false,
              "skipped": false
            }
          ],
          "suites": [],
          "passes": [
            "b3f90d22-618b-419a-ab0c-a8112aeab6e7",
            "c9a056a4-5d17-448d-8c4c-d5773f9f6ca7"
          ],
          "failures": [],
          "pending": [],
          "skipped": [],
          "duration": 50,
          "root": false,
          "rootEmpty": false,
          "_timeout": 2000
        }
      ],
      "passes": [],
      "failures": [],
      "pending": [],
      "skipped": [],
      "duration": 0,
      "root": true,
      "rootEmpty": true,
      "_timeout": 2000
    }
  ],
  "meta": {
    "mocha": {
      "version": "7.0.1"
    },
    "mochawesome": {
      "options": {
        "quiet": false,
        "reportFilename": "mochawesome",
        "saveHtml": false,
        "saveJson": true,
        "consoleReporter": "spec",
        "useInlineDiffs": false,
        "code": true
      },
      "version": "7.1.3"
    },
    "marge": {
      "options": {
        "id": "default",
        "reportDir": "cypress/results/mochawesome",
        "quite": "true",
        "overwrite": "false",
        "html": "false",
        "json": "true"
      },
      "version": "6.2.0"
    }
  }
}