{
  "stats": {
    "suites": 1,
    "tests": 1,
    "passes": 0,
    "pending": 0,
    "failures": 1,
    "start": "2024-03-01T16:20:24.083Z",
    "end": "2024-03-01T16:20:24.960Z",
    "duration": 877,
    "testsRegistered": 1,
    "passPercent": 0,
    "pendingPercent": 0,
    "other": 0,
    "hasOther": false,
    "skipped": 0,
    "hasSkipped": false
  },
  "results": [
    {
      "uuid": "f9a3b915-af2f-41a9-ad39-77f95c8eba3a",
      "title": "",
      "fullFile": "cypress\\e2e\\API_Testing\\put_update-request.cy.js",
      "file": "cypress\\e2e\\API_Testing\\put_update-request.cy.js",
      "beforeHooks": [],
      "afterHooks": [],
      "tests": [],
      "suites": [
        {
          "uuid": "1c766be8-4b5b-4532-a2a4-3085b92f2e5b",
          "title": "PUT_update Request",
          "fullFile": "",
          "file": "",
          "beforeHooks": [],
          "afterHooks": [],
          "tests": [
            {
              "title": "Update an existing post via the /posts api",
              "fullTitle": "PUT_update Request Update an existing post via the /posts api",
              "timedOut": null,
              "duration": 824,
              "state": "failed",
              "speed": null,
              "pass": false,
              "fail": true,
              "pending": false,
              "context": null,
              "code": "cy.request({\n  method: \"PUT\",\n  url: \"http://localhost:3000/posts/2\",\n  body: {\n    title: \"Update using PUT method\",\n    author: \"Bharati Yedave\"\n  }\n}).then(function (response) {\n  expect(response.status).to.eql(200);\n});",
              "err": {
                "message": "CypressError: `cy.request()` failed trying to load:\n\nhttp://localhost:3000/posts/2\n\nWe attempted to make an http request to this URL but the request failed without a response.\n\nWe received this error at the network level:\n\n  > Error: connect ECONNREFUSED 127.0.0.1:3000\n\n-----------------------------------------------------------\n\nThe request we sent was:\n\nMethod: PUT\nURL: http://localhost:3000/posts/2\n\n-----------------------------------------------------------\n\nCommon situations why this would fail:\n  - you don't have internet access\n  - you forgot to run / boot your web server\n  - your web server isn't accessible\n  - you have weird network configuration settings on your computer\n\nhttps://on.cypress.io/request",
                "estack": "CypressError: `cy.request()` failed trying to load:\n\nhttp://localhost:3000/posts/2\n\nWe attempted to make an http request to this URL but the request failed without a response.\n\nWe received this error at the network level:\n\n  > Error: connect ECONNREFUSED 127.0.0.1:3000\n\n-----------------------------------------------------------\n\nThe request we sent was:\n\nMethod: PUT\nURL: http://localhost:3000/posts/2\n\n-----------------------------------------------------------\n\nCommon situations why this would fail:\n  - you don't have internet access\n  - you forgot to run / boot your web server\n  - your web server isn't accessible\n  - you have weird network configuration settings on your computer\n\nhttps://on.cypress.io/request\n    at <unknown> (https://www.webdriveruniversity.com/__cypress/runner/cypress_runner.js:133056:70)\n    at tryCatcher (https://www.webdriveruniversity.com/__cypress/runner/cypress_runner.js:1807:23)\n    at <unknown> (https://www.webdriveruniversity.com/__cypress/runner/cypress_runner.js:4203:37)\n    at tryCatcher (https://www.webdriveruniversity.com/__cypress/runner/cypress_runner.js:1807:23)\n    at Promise._settlePromiseFromHandler (https://www.webdriveruniversity.com/__cypress/runner/cypress_runner.js:1519:31)\n    at Promise._settlePromise (https://www.webdriveruniversity.com/__cypress/runner/cypress_runner.js:1576:18)\n    at Promise._settlePromise0 (https://www.webdriveruniversity.com/__cypress/runner/cypress_runner.js:1621:10)\n    at Promise._settlePromises (https://www.webdriveruniversity.com/__cypress/runner/cypress_runner.js:1697:18)\n    at _drainQueueStep (https://www.webdriveruniversity.com/__cypress/runner/cypress_runner.js:2407:12)\n    at _drainQueue (https://www.webdriveruniversity.com/__cypress/runner/cypress_runner.js:2400:9)\n    at Async._drainQueues (https://www.webdriveruniversity.com/__cypress/runner/cypress_runner.js:2416:5)\n    at Async.drainQueues (https://www.webdriveruniversity.com/__cypress/runner/cypress_runner.js:2286:14)\nFrom Your Spec Code:\n    at Context.eval (cypress/e2e/API_Testing/put_update-request.cy.js:5:7)\n\nFrom Node.js Internals:\n  RequestError: Error: connect ECONNREFUSED 127.0.0.1:3000\n      at new r (<embedded>:1832:361373)\n      at ee.callback (<embedded>:1832:367374)\n      at e.callback.s.callback [as _callback] (<embedded>:1832:366820)\n      at s._callback.s.callback.s.callback (<embedded>:2050:91633)\n      at ee.emit (node:events:513:28)\n      at ee.onRequestError (<embedded>:2050:100575)\n      at ClientRequest.emit (node:events:525:35)\n      at Socket.socketErrorListener (node:_http_client:502:9)\n      at Socket.emit (node:events:513:28)\n      at emitErrorNT (node:internal/streams/destroy:151:8)\n      at emitErrorCloseNT (node:internal/streams/destroy:116:3)\n      at process.processTicksAndRejections (node:internal/process/task_queues:82:21)",
                "diff": null
              },
              "uuid": "a5e37b8f-13cf-410a-94f0-302c361149ce",
              "parentUUID": "1c766be8-4b5b-4532-a2a4-3085b92f2e5b",
              "isHook": false,
              "skipped": false
            }
          ],
          "suites": [],
          "passes": [],
          "failures": [
            "a5e37b8f-13cf-410a-94f0-302c361149ce"
          ],
          "pending": [],
          "skipped": [],
          "duration": 824,
          "root": false,
          "rootEmpty": false,
          "_timeout": 2000
        }
      ],
      "passes": [],
      "failures": [],
      "pending": [],
      "skipped": [],
      "duration": 0,
      "root": true,
      "rootEmpty": true,
      "_timeout": 2000
    }
  ],
  "meta": {
    "mocha": {
      "version": "7.0.1"
    },
    "mochawesome": {
      "options": {
        "quiet": false,
        "reportFilename": "mochawesome",
        "saveHtml": false,
        "saveJson": true,
        "consoleReporter": "spec",
        "useInlineDiffs": false,
        "code": true
      },
      "version": "7.1.3"
    },
    "marge": {
      "options": {
        "id": "default",
        "reportDir": "cypress/results/mochawesome",
        "quite": "true",
        "overwrite": "false",
        "html": "false",
        "json": "true"
      },
      "version": "6.2.0"
    }
  }
}