{
  "stats": {
    "suites": 1,
    "tests": 3,
    "passes": 3,
    "pending": 0,
    "failures": 0,
    "start": "2024-02-24T07:21:31.792Z",
    "end": "2024-02-24T07:21:56.806Z",
    "duration": 25014,
    "testsRegistered": 3,
    "passPercent": 100,
    "pendingPercent": 0,
    "other": 0,
    "hasOther": false,
    "skipped": 0,
    "hasSkipped": false
  },
  "results": [
    {
      "uuid": "85831ada-ec5d-467b-bebc-290a49765e59",
      "title": "",
      "fullFile": "cypress\\e2e\\autoMtestStore\\inspect-item.cy.js",
      "file": "cypress\\e2e\\autoMtestStore\\inspect-item.cy.js",
      "beforeHooks": [],
      "afterHooks": [],
      "tests": [],
      "suites": [
        {
          "uuid": "62b82894-a452-4817-a180-faa3f8c79f9e",
          "title": "Inspect Automation Test Store items using chain of commands",
          "fullFile": "",
          "file": "",
          "beforeHooks": [],
          "afterHooks": [],
          "tests": [
            {
              "title": "Click on the first item using item header",
              "fullTitle": "Inspect Automation Test Store items using chain of commands Click on the first item using item header",
              "timedOut": null,
              "duration": 7690,
              "state": "passed",
              "speed": "medium",
              "pass": true,
              "fail": false,
              "pending": false,
              "context": null,
              "code": "cy.visit(\"https://www.automationteststore.com/\");\ncy.get('#block_frame_featured_1769 > .thumbnails > :nth-child(1) > .fixed_wrapper > .fixed > .prdocutname').click();",
              "err": {},
              "uuid": "ea159bb8-877f-43e0-8bf8-a1758dc474c7",
              "parentUUID": "62b82894-a452-4817-a180-faa3f8c79f9e",
              "isHook": false,
              "skipped": false
            },
            {
              "title": "Click on the first item using item text",
              "fullTitle": "Inspect Automation Test Store items using chain of commands Click on the first item using item text",
              "timedOut": null,
              "duration": 6293,
              "state": "passed",
              "speed": "medium",
              "pass": true,
              "fail": false,
              "pending": false,
              "context": null,
              "code": "cy.visit(\"https://www.automationteststore.com/\");\ncy.get('.prdocutname').contains('Skinsheen Bronzer Stick').click();",
              "err": {},
              "uuid": "7ee6a605-a287-4085-a535-49056428b5ee",
              "parentUUID": "62b82894-a452-4817-a180-faa3f8c79f9e",
              "isHook": false,
              "skipped": false
            },
            {
              "title": "Click on the first item using index",
              "fullTitle": "Inspect Automation Test Store items using chain of commands Click on the first item using index",
              "timedOut": null,
              "duration": 8083,
              "state": "passed",
              "speed": "medium",
              "pass": true,
              "fail": false,
              "pending": false,
              "context": null,
              "code": "cy.visit(\"https://www.automationteststore.com/\");\ncy.get('.fixed_wrapper').find('.prdocutname').eq(0).click();",
              "err": {},
              "uuid": "fd4a6577-9761-4a53-8e68-f8f3f1e3bb52",
              "parentUUID": "62b82894-a452-4817-a180-faa3f8c79f9e",
              "isHook": false,
              "skipped": false
            }
          ],
          "suites": [],
          "passes": [
            "ea159bb8-877f-43e0-8bf8-a1758dc474c7",
            "7ee6a605-a287-4085-a535-49056428b5ee",
            "fd4a6577-9761-4a53-8e68-f8f3f1e3bb52"
          ],
          "failures": [],
          "pending": [],
          "skipped": [],
          "duration": 22066,
          "root": false,
          "rootEmpty": false,
          "_timeout": 2000
        }
      ],
      "passes": [],
      "failures": [],
      "pending": [],
      "skipped": [],
      "duration": 0,
      "root": true,
      "rootEmpty": true,
      "_timeout": 2000
    }
  ],
  "meta": {
    "mocha": {
      "version": "7.0.1"
    },
    "mochawesome": {
      "options": {
        "quiet": false,
        "reportFilename": "mochawesome",
        "saveHtml": false,
        "saveJson": true,
        "consoleReporter": "spec",
        "useInlineDiffs": false,
        "code": true
      },
      "version": "7.1.3"
    },
    "marge": {
      "options": {
        "id": "default",
        "reportDir": "cypress/results/mochawesome",
        "quite": "true",
        "overwrite": "false",
        "html": "false",
        "json": "true"
      },
      "version": "6.2.0"
    }
  }
}