{
  "stats": {
    "suites": 1,
    "tests": 4,
    "passes": 4,
    "pending": 0,
    "failures": 0,
    "start": "2024-03-01T16:37:18.103Z",
    "end": "2024-03-01T16:37:25.665Z",
    "duration": 7562,
    "testsRegistered": 4,
    "passPercent": 100,
    "pendingPercent": 0,
    "other": 0,
    "hasOther": false,
    "skipped": 0,
    "hasSkipped": false
  },
  "results": [
    {
      "uuid": "bc93ee8f-f8a7-4112-bff8-6493e03cb6f7",
      "title": "",
      "fullFile": "cypress\\e2e\\BDD\\feature\\login.feature",
      "file": "cypress\\e2e\\BDD\\feature\\login.feature",
      "beforeHooks": [],
      "afterHooks": [],
      "tests": [],
      "suites": [
        {
          "uuid": "0e1d9371-24ae-46cc-916e-24c8fc400b6c",
          "title": "WebdriverUniversity Login Page",
          "fullFile": "",
          "file": "",
          "beforeHooks": [],
          "afterHooks": [],
          "tests": [
            {
              "title": "Login using valid credentials",
              "fullTitle": "WebdriverUniversity Login Page Login using valid credentials",
              "timedOut": null,
              "duration": 4113,
              "state": "passed",
              "speed": "fast",
              "pass": true,
              "fail": false,
              "pending": false,
              "context": null,
              "code": "const state = window.testState;\nreturn cy\n  .then(() => state.onStartScenario(scenario, indexedSteps))\n  .then(() =>\n    resolveAndRunBeforeHooks.call(this, scenario.tags, state.feature.name)\n  )\n  .then(() =>\n    indexedSteps.forEach((step) =>\n      stepTest.call(this, state, step, rowData)\n    )\n  )\n  .then(() => state.onFinishScenario(scenario));",
              "err": {},
              "uuid": "57cc15a4-0c1f-4f24-8021-1b2ae945f39a",
              "parentUUID": "0e1d9371-24ae-46cc-916e-24c8fc400b6c",
              "isHook": false,
              "skipped": false
            },
            {
              "title": "Login using invalid credentials",
              "fullTitle": "WebdriverUniversity Login Page Login using invalid credentials",
              "timedOut": null,
              "duration": 1068,
              "state": "passed",
              "speed": "fast",
              "pass": true,
              "fail": false,
              "pending": false,
              "context": null,
              "code": "const state = window.testState;\nreturn cy\n  .then(() => state.onStartScenario(scenario, indexedSteps))\n  .then(() =>\n    resolveAndRunBeforeHooks.call(this, scenario.tags, state.feature.name)\n  )\n  .then(() =>\n    indexedSteps.forEach((step) =>\n      stepTest.call(this, state, step, rowData)\n    )\n  )\n  .then(() => state.onFinishScenario(scenario));",
              "err": {},
              "uuid": "8d102792-0f94-4917-942a-ea33702a682f",
              "parentUUID": "0e1d9371-24ae-46cc-916e-24c8fc400b6c",
              "isHook": false,
              "skipped": false
            },
            {
              "title": "Login using valid & invalid credentials (example #1)",
              "fullTitle": "WebdriverUniversity Login Page Login using valid & invalid credentials (example #1)",
              "timedOut": null,
              "duration": 1065,
              "state": "passed",
              "speed": "fast",
              "pass": true,
              "fail": false,
              "pending": false,
              "context": null,
              "code": "const state = window.testState;\nreturn cy\n  .then(() => state.onStartScenario(scenario, indexedSteps))\n  .then(() =>\n    resolveAndRunBeforeHooks.call(this, scenario.tags, state.feature.name)\n  )\n  .then(() =>\n    indexedSteps.forEach((step) =>\n      stepTest.call(this, state, step, rowData)\n    )\n  )\n  .then(() => state.onFinishScenario(scenario));",
              "err": {},
              "uuid": "1dacfed3-b294-415b-925a-d44eb88c4991",
              "parentUUID": "0e1d9371-24ae-46cc-916e-24c8fc400b6c",
              "isHook": false,
              "skipped": false
            },
            {
              "title": "Login using valid & invalid credentials (example #2)",
              "fullTitle": "WebdriverUniversity Login Page Login using valid & invalid credentials (example #2)",
              "timedOut": null,
              "duration": 1099,
              "state": "passed",
              "speed": "fast",
              "pass": true,
              "fail": false,
              "pending": false,
              "context": null,
              "code": "const state = window.testState;\nreturn cy\n  .then(() => state.onStartScenario(scenario, indexedSteps))\n  .then(() =>\n    resolveAndRunBeforeHooks.call(this, scenario.tags, state.feature.name)\n  )\n  .then(() =>\n    indexedSteps.forEach((step) =>\n      stepTest.call(this, state, step, rowData)\n    )\n  )\n  .then(() => state.onFinishScenario(scenario));",
              "err": {},
              "uuid": "afc42517-7806-4455-b35f-1b15f4fc97d1",
              "parentUUID": "0e1d9371-24ae-46cc-916e-24c8fc400b6c",
              "isHook": false,
              "skipped": false
            }
          ],
          "suites": [],
          "passes": [
            "57cc15a4-0c1f-4f24-8021-1b2ae945f39a",
            "8d102792-0f94-4917-942a-ea33702a682f",
            "1dacfed3-b294-415b-925a-d44eb88c4991",
            "afc42517-7806-4455-b35f-1b15f4fc97d1"
          ],
          "failures": [],
          "pending": [],
          "skipped": [],
          "duration": 7345,
          "root": false,
          "rootEmpty": false,
          "_timeout": 2000
        }
      ],
      "passes": [],
      "failures": [],
      "pending": [],
      "skipped": [],
      "duration": 0,
      "root": true,
      "rootEmpty": true,
      "_timeout": 2000
    }
  ],
  "meta": {
    "mocha": {
      "version": "7.0.1"
    },
    "mochawesome": {
      "options": {
        "quiet": false,
        "reportFilename": "mochawesome",
        "saveHtml": false,
        "saveJson": true,
        "consoleReporter": "spec",
        "useInlineDiffs": false,
        "code": true
      },
      "version": "7.1.3"
    },
    "marge": {
      "options": {
        "id": "default",
        "reportDir": "cypress/results/mochawesome",
        "quite": "true",
        "overwrite": "false",
        "html": "false",
        "json": "true"
      },
      "version": "6.2.0"
    }
  }
}