{
  "stats": {
    "suites": 1,
    "tests": 1,
    "passes": 1,
    "pending": 0,
    "failures": 0,
    "start": "2024-02-24T07:24:20.952Z",
    "end": "2024-02-24T07:24:23.744Z",
    "duration": 2792,
    "testsRegistered": 1,
    "passPercent": 100,
    "pendingPercent": 0,
    "other": 0,
    "hasOther": false,
    "skipped": 0,
    "hasSkipped": false
  },
  "results": [
    {
      "uuid": "78ac2472-5630-407f-af69-bd74e110ac7c",
      "title": "",
      "fullFile": "cypress\\e2e\\webUni\\selectors.cy.js",
      "file": "cypress\\e2e\\webUni\\selectors.cy.js",
      "beforeHooks": [],
      "afterHooks": [],
      "tests": [],
      "suites": [
        {
          "uuid": "8aeab157-5b77-4b6a-a867-45615ad8b400",
          "title": "Selector examples",
          "fullFile": "",
          "file": "",
          "beforeHooks": [],
          "afterHooks": [],
          "tests": [
            {
              "title": "Examples of Selectors via WebdriverUni Contact Us Page",
              "fullTitle": "Selector examples Examples of Selectors via WebdriverUni Contact Us Page",
              "timedOut": null,
              "duration": 1293,
              "state": "passed",
              "speed": "fast",
              "pass": true,
              "fail": false,
              "pending": false,
              "context": null,
              "code": "cy.visit(\"http://www.webdriveruniversity.com/Contact-Us/contactus.html\");\n//By tag name\ncy.get(\"input\");\n//By attribute name and value\ncy.get(\"input[name='first_name']\");\n//By id\ncy.get(\"#contact_me\");\n//By class\ncy.get(\".feedback-input\");\n//By multiple classes\ncy.get(\"[class='navbar navbar-inverse navbar-fixed-top']\");\n//By two different attributes\ncy.get(\"[name='email'][placeholder='Email Address']\");\n//By xpath\ncy.xpath(\"//input[@name='first_name']\");",
              "err": {},
              "uuid": "d1d3b53d-687b-4486-8e6d-0645d98f4e1f",
              "parentUUID": "8aeab157-5b77-4b6a-a867-45615ad8b400",
              "isHook": false,
              "skipped": false
            }
          ],
          "suites": [],
          "passes": [
            "d1d3b53d-687b-4486-8e6d-0645d98f4e1f"
          ],
          "failures": [],
          "pending": [],
          "skipped": [],
          "duration": 1293,
          "root": false,
          "rootEmpty": false,
          "_timeout": 2000
        }
      ],
      "passes": [],
      "failures": [],
      "pending": [],
      "skipped": [],
      "duration": 0,
      "root": true,
      "rootEmpty": true,
      "_timeout": 2000
    }
  ],
  "meta": {
    "mocha": {
      "version": "7.0.1"
    },
    "mochawesome": {
      "options": {
        "quiet": false,
        "reportFilename": "mochawesome",
        "saveHtml": false,
        "saveJson": true,
        "consoleReporter": "spec",
        "useInlineDiffs": false,
        "code": true
      },
      "version": "7.1.3"
    },
    "marge": {
      "options": {
        "id": "default",
        "reportDir": "cypress/results/mochawesome",
        "quite": "true",
        "overwrite": "false",
        "html": "false",
        "json": "true"
      },
      "version": "6.2.0"
    }
  }
}