{
  "stats": {
    "suites": 1,
    "tests": 1,
    "passes": 0,
    "pending": 0,
    "failures": 1,
    "start": "2024-03-01T16:20:10.313Z",
    "end": "2024-03-01T16:20:11.239Z",
    "duration": 926,
    "testsRegistered": 1,
    "passPercent": 0,
    "pendingPercent": 0,
    "other": 0,
    "hasOther": false,
    "skipped": 0,
    "hasSkipped": false
  },
  "results": [
    {
      "uuid": "97354c15-aeb6-4d1e-90d9-2bb9d8d089b6",
      "title": "",
      "fullFile": "cypress\\e2e\\API_Testing\\api-challenge.cy.js",
      "file": "cypress\\e2e\\API_Testing\\api-challenge.cy.js",
      "beforeHooks": [],
      "afterHooks": [],
      "tests": [],
      "suites": [
        {
          "uuid": "64930ad9-366c-46aa-860c-d3bff73bde60",
          "title": "API Testing challenge over POST, GET, DELETE HTTP request ",
          "fullFile": "",
          "file": "",
          "beforeHooks": [],
          "afterHooks": [],
          "tests": [
            {
              "title": "POST,GET,DELETE the new comment",
              "fullTitle": "API Testing challenge over POST, GET, DELETE HTTP request  POST,GET,DELETE the new comment",
              "timedOut": null,
              "duration": 871,
              "state": "failed",
              "speed": null,
              "pass": false,
              "fail": true,
              "pending": false,
              "context": null,
              "code": "//post\ncy.request({\n  method: \"POST\",\n  url: \"http://localhost:3000/comments\",\n  body: {\n    text: randomtext,\n    postId: randompostID\n  }\n}).then(function (response) {\n  expect(response.status).to.eql(201);\n  //get\n  cy.request({\n    method: \"GET\",\n    url: \"http://localhost:3000/comments\",\n    headers: {\n      accept: \"application/json\"\n    }\n  }).then(function (response) {\n    var body = JSON.parse(JSON.stringify(response.body));\n    cy.log(body.length);\n    expect(body[body.length - 1]).has.property(\"text\", randomtext);\n    expect(body[body.length - 1]).has.property(\"postId\", randompostID);\n    body.forEach(function (item) {\n      expect(item).to.have.all.keys(\"id\", \"text\", \"postId\");\n      if (item[\"text\"] === randomtext && item[\"postId\"] === randompostID) {\n        cy.log(\"ID : \" + item[\"id\"] + \" , Text : \" + item[\"text\"] + \" , PostID : \" + item[\"postId\"]);\n        cy.request({\n          method: \"DELETE\",\n          url: \"http://localhost:3000/comments/\" + item[\"id\"]\n        }).then(function (response) {\n          expect(response.status).to.eql(200);\n        });\n      }\n    });\n  });\n});",
              "err": {
                "message": "CypressError: `cy.request()` failed trying to load:\n\nhttp://localhost:3000/comments\n\nWe attempted to make an http request to this URL but the request failed without a response.\n\nWe received this error at the network level:\n\n  > Error: connect ECONNREFUSED 127.0.0.1:3000\n\n-----------------------------------------------------------\n\nThe request we sent was:\n\nMethod: POST\nURL: http://localhost:3000/comments\n\n-----------------------------------------------------------\n\nCommon situations why this would fail:\n  - you don't have internet access\n  - you forgot to run / boot your web server\n  - your web server isn't accessible\n  - you have weird network configuration settings on your computer\n\nhttps://on.cypress.io/request",
                "estack": "CypressError: `cy.request()` failed trying to load:\n\nhttp://localhost:3000/comments\n\nWe attempted to make an http request to this URL but the request failed without a response.\n\nWe received this error at the network level:\n\n  > Error: connect ECONNREFUSED 127.0.0.1:3000\n\n-----------------------------------------------------------\n\nThe request we sent was:\n\nMethod: POST\nURL: http://localhost:3000/comments\n\n-----------------------------------------------------------\n\nCommon situations why this would fail:\n  - you don't have internet access\n  - you forgot to run / boot your web server\n  - your web server isn't accessible\n  - you have weird network configuration settings on your computer\n\nhttps://on.cypress.io/request\n    at <unknown> (https://www.webdriveruniversity.com/__cypress/runner/cypress_runner.js:133056:70)\n    at tryCatcher (https://www.webdriveruniversity.com/__cypress/runner/cypress_runner.js:1807:23)\n    at <unknown> (https://www.webdriveruniversity.com/__cypress/runner/cypress_runner.js:4203:37)\n    at tryCatcher (https://www.webdriveruniversity.com/__cypress/runner/cypress_runner.js:1807:23)\n    at Promise._settlePromiseFromHandler (https://www.webdriveruniversity.com/__cypress/runner/cypress_runner.js:1519:31)\n    at Promise._settlePromise (https://www.webdriveruniversity.com/__cypress/runner/cypress_runner.js:1576:18)\n    at Promise._settlePromise0 (https://www.webdriveruniversity.com/__cypress/runner/cypress_runner.js:1621:10)\n    at Promise._settlePromises (https://www.webdriveruniversity.com/__cypress/runner/cypress_runner.js:1697:18)\n    at _drainQueueStep (https://www.webdriveruniversity.com/__cypress/runner/cypress_runner.js:2407:12)\n    at _drainQueue (https://www.webdriveruniversity.com/__cypress/runner/cypress_runner.js:2400:9)\n    at Async._drainQueues (https://www.webdriveruniversity.com/__cypress/runner/cypress_runner.js:2416:5)\n    at Async.drainQueues (https://www.webdriveruniversity.com/__cypress/runner/cypress_runner.js:2286:14)\nFrom Your Spec Code:\n    at Context.eval (cypress/e2e/API_Testing/api-challenge.cy.js:57:7)\n\nFrom Node.js Internals:\n  RequestError: Error: connect ECONNREFUSED 127.0.0.1:3000\n      at new r (<embedded>:1832:361373)\n      at ee.callback (<embedded>:1832:367374)\n      at e.callback.s.callback [as _callback] (<embedded>:1832:366820)\n      at s._callback.s.callback.s.callback (<embedded>:2050:91633)\n      at ee.emit (node:events:513:28)\n      at ee.onRequestError (<embedded>:2050:100575)\n      at ClientRequest.emit (node:events:525:35)\n      at Socket.socketErrorListener (node:_http_client:502:9)\n      at Socket.emit (node:events:513:28)\n      at emitErrorNT (node:internal/streams/destroy:151:8)\n      at emitErrorCloseNT (node:internal/streams/destroy:116:3)\n      at process.processTicksAndRejections (node:internal/process/task_queues:82:21)",
                "diff": null
              },
              "uuid": "480c5a69-7efd-4328-8e51-ddaabcfe935b",
              "parentUUID": "64930ad9-366c-46aa-860c-d3bff73bde60",
              "isHook": false,
              "skipped": false
            }
          ],
          "suites": [],
          "passes": [],
          "failures": [
            "480c5a69-7efd-4328-8e51-ddaabcfe935b"
          ],
          "pending": [],
          "skipped": [],
          "duration": 871,
          "root": false,
          "rootEmpty": false,
          "_timeout": 2000
        }
      ],
      "passes": [],
      "failures": [],
      "pending": [],
      "skipped": [],
      "duration": 0,
      "root": true,
      "rootEmpty": true,
      "_timeout": 2000
    }
  ],
  "meta": {
    "mocha": {
      "version": "7.0.1"
    },
    "mochawesome": {
      "options": {
        "quiet": false,
        "reportFilename": "mochawesome",
        "saveHtml": false,
        "saveJson": true,
        "consoleReporter": "spec",
        "useInlineDiffs": false,
        "code": true
      },
      "version": "7.1.3"
    },
    "marge": {
      "options": {
        "id": "default",
        "reportDir": "cypress/results/mochawesome",
        "quite": "true",
        "overwrite": "false",
        "html": "false",
        "json": "true"
      },
      "version": "6.2.0"
    }
  }
}