{
  "stats": {
    "suites": 1,
    "tests": 1,
    "passes": 1,
    "pending": 0,
    "failures": 0,
    "start": "2024-02-24T07:15:49.430Z",
    "end": "2024-02-24T07:15:55.264Z",
    "duration": 5834,
    "testsRegistered": 1,
    "passPercent": 100,
    "pendingPercent": 0,
    "other": 0,
    "hasOther": false,
    "skipped": 0,
    "hasSkipped": false
  },
  "results": [
    {
      "uuid": "960fc1c0-2961-4428-b505-289aa638acbf",
      "title": "",
      "fullFile": "cypress\\e2e\\autoMtestStore\\alias-invoke.cy.js",
      "file": "cypress\\e2e\\autoMtestStore\\alias-invoke.cy.js",
      "beforeHooks": [],
      "afterHooks": [],
      "tests": [],
      "suites": [
        {
          "uuid": "353a229e-ce6f-425c-9f0c-d26ca39afab1",
          "title": "Alias and invoke command",
          "fullFile": "",
          "file": "",
          "beforeHooks": [],
          "afterHooks": [],
          "tests": [
            {
              "title": "Calculate total of normal and sale products",
              "fullTitle": "Alias and invoke command Calculate total of normal and sale products",
              "timedOut": null,
              "duration": 3856,
              "state": "passed",
              "speed": "fast",
              "pass": true,
              "fail": false,
              "pending": false,
              "context": null,
              "code": "cy.visit(\"https://automationteststore.com/\");\n// cy.get(\".thumbnail\")\n//   .find(\".oneprice\")\n//   .each((el, index, list) => {\n//     const nonSaleProduct = el.text().split(\"$\");\n//   });\n//with alias\nvar itemTotal = 0;\ncy.get(\".thumbnail\").find(\".oneprice\").invoke(\"text\").as(\"nonSaleProduct\");\ncy.get(\"@nonSaleProduct\").then(listtext => {\n  var nonsaleTotal = 0;\n  var productPrice = listtext.split(\"$\");\n  for (let i = 0; i < productPrice.length; i++) {\n    cy.log(productPrice[i]);\n    nonsaleTotal += Number(productPrice[i]);\n  }\n  itemTotal += nonsaleTotal;\n  cy.log(\"All Non sale item total : \" + nonsaleTotal);\n});\n//without alias\ncy.get(\".thumbnail\").find(\".pricenew\").invoke(\"text\").then(listtext => {\n  var saleTotal = 0;\n  var saleproductPrice = listtext.split(\"$\");\n  for (let i = 0; i < saleproductPrice.length; i++) {\n    cy.log(saleproductPrice[i]);\n    saleTotal += Number(saleproductPrice[i]);\n  }\n  itemTotal += saleTotal;\n  cy.log(\"All Sale item total : \" + saleTotal);\n}).then(() => {\n  cy.log(\"Oerall Product total : \" + itemTotal);\n  expect(itemTotal).to.equal(660.5);\n});",
              "err": {},
              "uuid": "bd09e91d-a2cf-483d-ae2c-4df27d12e86c",
              "parentUUID": "353a229e-ce6f-425c-9f0c-d26ca39afab1",
              "isHook": false,
              "skipped": false
            }
          ],
          "suites": [],
          "passes": [
            "bd09e91d-a2cf-483d-ae2c-4df27d12e86c"
          ],
          "failures": [],
          "pending": [],
          "skipped": [],
          "duration": 3856,
          "root": false,
          "rootEmpty": false,
          "_timeout": 2000
        }
      ],
      "passes": [],
      "failures": [],
      "pending": [],
      "skipped": [],
      "duration": 0,
      "root": true,
      "rootEmpty": true,
      "_timeout": 2000
    }
  ],
  "meta": {
    "mocha": {
      "version": "7.0.1"
    },
    "mochawesome": {
      "options": {
        "quiet": false,
        "reportFilename": "mochawesome",
        "saveHtml": false,
        "saveJson": true,
        "consoleReporter": "spec",
        "useInlineDiffs": false,
        "code": true
      },
      "version": "7.1.3"
    },
    "marge": {
      "options": {
        "id": "default",
        "reportDir": "cypress/results/mochawesome",
        "quite": "true",
        "overwrite": "false",
        "html": "false",
        "json": "true"
      },
      "version": "6.2.0"
    }
  }
}