{
  "stats": {
    "suites": 1,
    "tests": 4,
    "passes": 4,
    "pending": 0,
    "failures": 0,
    "start": "2024-02-23T07:38:36.521Z",
    "end": "2024-02-23T07:38:57.373Z",
    "duration": 20852,
    "testsRegistered": 4,
    "passPercent": 100,
    "pendingPercent": 0,
    "other": 0,
    "hasOther": false,
    "skipped": 0,
    "hasSkipped": false
  },
  "results": [
    {
      "uuid": "d392fe00-cffb-47f3-bce5-eba0181ff774",
      "title": "",
      "fullFile": "cypress\\e2e\\autoMtestStore\\iterate-over-element.cy.js",
      "file": "cypress\\e2e\\autoMtestStore\\iterate-over-element.cy.js",
      "beforeHooks": [],
      "afterHooks": [],
      "tests": [],
      "suites": [
        {
          "uuid": "9b8b97b9-a6cc-4fd0-bf13-ac4e36142a8a",
          "title": "Iterate over elements",
          "fullFile": "",
          "file": "",
          "beforeHooks": [],
          "afterHooks": [],
          "tests": [
            {
              "title": "Log information of all hair care products",
              "fullTitle": "Iterate over elements Log information of all hair care products",
              "timedOut": null,
              "duration": 5622,
              "state": "passed",
              "speed": "medium",
              "pass": true,
              "fail": false,
              "pending": false,
              "context": null,
              "code": "cy.get(\".fixed_wrapper .prdocutname\").each((ele, index, list) => {\n  cy.log(\"list [\" + index + \"] is : \" + ele.text());\n  cy.log(list.text());\n});",
              "err": {},
              "uuid": "75a0adee-6c3f-47ad-b2fe-beb00775f9d5",
              "parentUUID": "9b8b97b9-a6cc-4fd0-bf13-ac4e36142a8a",
              "isHook": false,
              "skipped": false
            },
            {
              "title": "Add specific product to basket",
              "fullTitle": "Iterate over elements Add specific product to basket",
              "timedOut": null,
              "duration": 3645,
              "state": "passed",
              "speed": "fast",
              "pass": true,
              "fail": false,
              "pending": false,
              "context": null,
              "code": "cy.selectProduct(\"Curls to straight Shampoo\");",
              "err": {},
              "uuid": "6ad7e808-69ac-4a17-9291-c468c3fa4908",
              "parentUUID": "9b8b97b9-a6cc-4fd0-bf13-ac4e36142a8a",
              "isHook": false,
              "skipped": false
            },
            {
              "title": "Add another specific product to basket",
              "fullTitle": "Iterate over elements Add another specific product to basket",
              "timedOut": null,
              "duration": 5337,
              "state": "passed",
              "speed": "medium",
              "pass": true,
              "fail": false,
              "pending": false,
              "context": null,
              "code": "cy.selectProduct(\"Eau Parfumee au The Vert Shampoo\");",
              "err": {},
              "uuid": "2da4cf6a-53f2-47e8-b4ce-de48d1a20009",
              "parentUUID": "9b8b97b9-a6cc-4fd0-bf13-ac4e36142a8a",
              "isHook": false,
              "skipped": false
            },
            {
              "title": "Add another specific product to basket 2",
              "fullTitle": "Iterate over elements Add another specific product to basket 2",
              "timedOut": null,
              "duration": 3546,
              "state": "passed",
              "speed": "fast",
              "pass": true,
              "fail": false,
              "pending": false,
              "context": null,
              "code": "cy.selectProduct(\"Seaweed Conditioner\");",
              "err": {},
              "uuid": "0734b8b4-96cb-4dc9-be9e-ab42d1189b5b",
              "parentUUID": "9b8b97b9-a6cc-4fd0-bf13-ac4e36142a8a",
              "isHook": false,
              "skipped": false
            }
          ],
          "suites": [],
          "passes": [
            "75a0adee-6c3f-47ad-b2fe-beb00775f9d5",
            "6ad7e808-69ac-4a17-9291-c468c3fa4908",
            "2da4cf6a-53f2-47e8-b4ce-de48d1a20009",
            "0734b8b4-96cb-4dc9-be9e-ab42d1189b5b"
          ],
          "failures": [],
          "pending": [],
          "skipped": [],
          "duration": 18150,
          "root": false,
          "rootEmpty": false,
          "_timeout": 2000
        }
      ],
      "passes": [],
      "failures": [],
      "pending": [],
      "skipped": [],
      "duration": 0,
      "root": true,
      "rootEmpty": true,
      "_timeout": 2000
    }
  ],
  "meta": {
    "mocha": {
      "version": "7.0.1"
    },
    "mochawesome": {
      "options": {
        "quiet": false,
        "reportFilename": "mochawesome",
        "saveHtml": false,
        "saveJson": true,
        "consoleReporter": "spec",
        "useInlineDiffs": false,
        "code": true
      },
      "version": "7.1.3"
    },
    "marge": {
      "options": {
        "id": "default",
        "reportDir": "cypress/results/mochawesome",
        "quite": "true",
        "overwrite": "false",
        "html": "false",
        "json": "true"
      },
      "version": "6.2.0"
    }
  }
}