{
  "stats": {
    "suites": 1,
    "tests": 2,
    "passes": 2,
    "pending": 0,
    "failures": 0,
    "start": "2024-02-23T07:39:09.386Z",
    "end": "2024-02-23T07:39:09.510Z",
    "duration": 124,
    "testsRegistered": 2,
    "passPercent": 100,
    "pendingPercent": 0,
    "other": 0,
    "hasOther": false,
    "skipped": 0,
    "hasSkipped": false
  },
  "results": [
    {
      "uuid": "ff0a4ba5-b22e-4ee3-b26b-f17b5ff4db31",
      "title": "",
      "fullFile": "cypress\\e2e\\other1\\hooks.cy.js",
      "file": "cypress\\e2e\\other1\\hooks.cy.js",
      "beforeHooks": [],
      "afterHooks": [],
      "tests": [],
      "suites": [
        {
          "uuid": "28450c40-8afe-4a43-b47e-1e8ee1e892ec",
          "title": "Hooks",
          "fullFile": "",
          "file": "",
          "beforeHooks": [],
          "afterHooks": [],
          "tests": [
            {
              "title": "Example test-1",
              "fullTitle": "Hooks Example test-1",
              "timedOut": null,
              "duration": 54,
              "state": "passed",
              "speed": "fast",
              "pass": true,
              "fail": false,
              "pending": false,
              "context": null,
              "code": "cy.log(\"Example test1\");",
              "err": {},
              "uuid": "d7b463d9-81ad-46bd-b5ba-c43c06fef3c6",
              "parentUUID": "28450c40-8afe-4a43-b47e-1e8ee1e892ec",
              "isHook": false,
              "skipped": false
            },
            {
              "title": "Example test-2",
              "fullTitle": "Hooks Example test-2",
              "timedOut": null,
              "duration": 15,
              "state": "passed",
              "speed": "fast",
              "pass": true,
              "fail": false,
              "pending": false,
              "context": null,
              "code": "cy.log(\"Example test2\");",
              "err": {},
              "uuid": "ef1ede42-df42-4791-84b0-5980e3b2281d",
              "parentUUID": "28450c40-8afe-4a43-b47e-1e8ee1e892ec",
              "isHook": false,
              "skipped": false
            }
          ],
          "suites": [],
          "passes": [
            "d7b463d9-81ad-46bd-b5ba-c43c06fef3c6",
            "ef1ede42-df42-4791-84b0-5980e3b2281d"
          ],
          "failures": [],
          "pending": [],
          "skipped": [],
          "duration": 69,
          "root": false,
          "rootEmpty": false,
          "_timeout": 2000
        }
      ],
      "passes": [],
      "failures": [],
      "pending": [],
      "skipped": [],
      "duration": 0,
      "root": true,
      "rootEmpty": true,
      "_timeout": 2000
    }
  ],
  "meta": {
    "mocha": {
      "version": "7.0.1"
    },
    "mochawesome": {
      "options": {
        "quiet": false,
        "reportFilename": "mochawesome",
        "saveHtml": false,
        "saveJson": true,
        "consoleReporter": "spec",
        "useInlineDiffs": false,
        "code": true
      },
      "version": "7.1.3"
    },
    "marge": {
      "options": {
        "id": "default",
        "reportDir": "cypress/results/mochawesome",
        "quite": "true",
        "overwrite": "false",
        "html": "false",
        "json": "true"
      },
      "version": "6.2.0"
    }
  }
}