{
  "stats": {
    "suites": 1,
    "tests": 1,
    "passes": 1,
    "pending": 0,
    "failures": 0,
    "start": "2024-02-23T07:38:59.780Z",
    "end": "2024-02-23T07:39:06.935Z",
    "duration": 7155,
    "testsRegistered": 1,
    "passPercent": 100,
    "pendingPercent": 0,
    "other": 0,
    "hasOther": false,
    "skipped": 0,
    "hasSkipped": false
  },
  "results": [
    {
      "uuid": "f4cbbd59-fe1c-45b2-a3af-587ce64050a7",
      "title": "",
      "fullFile": "cypress\\e2e\\autoMtestStore\\variables_cy_commands.cy.js",
      "file": "cypress\\e2e\\autoMtestStore\\variables_cy_commands.cy.js",
      "beforeHooks": [],
      "afterHooks": [],
      "tests": [],
      "suites": [
        {
          "uuid": "262d3d45-11da-4841-a1d6-981a01f41711",
          "title": "Verifying variables, cypress commands and jquery commands",
          "fullFile": "",
          "file": "",
          "beforeHooks": [],
          "afterHooks": [],
          "tests": [
            {
              "title": "Navigating contact us page properties ",
              "fullTitle": "Verifying variables, cypress commands and jquery commands Navigating contact us page properties ",
              "timedOut": null,
              "duration": 4222,
              "state": "passed",
              "speed": "fast",
              "pass": true,
              "fail": false,
              "pending": false,
              "context": null,
              "code": "//recommended\ncy.visit(\"https://automationteststore.com/index.php?rt=content/contact\");\n//Uses cypress command and chaining\ncy.contains(\"#ContactUsFrm\", \"Contact Us Form\").find(\"#field_11\").should(\"contain\", \"First name:\");\n//JQuery Approach\ncy.contains(\"#ContactUsFrm\", \"Contact Us Form\").then(text => {\n  const firstNameText = text.find(\"#field_11\").text();\n  cy.log(firstNameText);\n  expect(firstNameText).to.contain(\"First name:\");\n  //expect(firstNameText).is.eq(\"First name:\"); //its failed beacuse it return selector not text\n});\n//Embeded commands(closure)\ncy.get(\"#field_11\").then(fntext => {\n  cy.log(fntext.text());\n  cy.log(fntext);\n});",
              "err": {},
              "uuid": "a991fd27-0678-484b-90ef-d10f0107aaf7",
              "parentUUID": "262d3d45-11da-4841-a1d6-981a01f41711",
              "isHook": false,
              "skipped": false
            }
          ],
          "suites": [],
          "passes": [
            "a991fd27-0678-484b-90ef-d10f0107aaf7"
          ],
          "failures": [],
          "pending": [],
          "skipped": [],
          "duration": 4222,
          "root": false,
          "rootEmpty": false,
          "_timeout": 2000
        }
      ],
      "passes": [],
      "failures": [],
      "pending": [],
      "skipped": [],
      "duration": 0,
      "root": true,
      "rootEmpty": true,
      "_timeout": 2000
    }
  ],
  "meta": {
    "mocha": {
      "version": "7.0.1"
    },
    "mochawesome": {
      "options": {
        "quiet": false,
        "reportFilename": "mochawesome",
        "saveHtml": false,
        "saveJson": true,
        "consoleReporter": "spec",
        "useInlineDiffs": false,
        "code": true
      },
      "version": "7.1.3"
    },
    "marge": {
      "options": {
        "id": "default",
        "reportDir": "cypress/results/mochawesome",
        "quite": "true",
        "overwrite": "false",
        "html": "false",
        "json": "true"
      },
      "version": "6.2.0"
    }
  }
}