{
  "stats": {
    "suites": 1,
    "tests": 4,
    "passes": 4,
    "pending": 0,
    "failures": 0,
    "start": "2024-02-23T01:39:36.237Z",
    "end": "2024-02-23T01:39:54.097Z",
    "duration": 17860,
    "testsRegistered": 4,
    "passPercent": 100,
    "pendingPercent": 0,
    "other": 0,
    "hasOther": false,
    "skipped": 0,
    "hasSkipped": false
  },
  "results": [
    {
      "uuid": "69f01058-fe6b-42ae-877b-bcd904a6b2eb",
      "title": "",
      "fullFile": "cypress\\e2e\\autoMtestStore\\iterate-over-element.cy.js",
      "file": "cypress\\e2e\\autoMtestStore\\iterate-over-element.cy.js",
      "beforeHooks": [],
      "afterHooks": [],
      "tests": [],
      "suites": [
        {
          "uuid": "e0dad123-b344-400a-a939-838c63b43dc8",
          "title": "Iterate over elements",
          "fullFile": "",
          "file": "",
          "beforeHooks": [],
          "afterHooks": [],
          "tests": [
            {
              "title": "Log information of all hair care products",
              "fullTitle": "Iterate over elements Log information of all hair care products",
              "timedOut": null,
              "duration": 5461,
              "state": "passed",
              "speed": "medium",
              "pass": true,
              "fail": false,
              "pending": false,
              "context": null,
              "code": "cy.get(\".fixed_wrapper .prdocutname\").each((ele, index, list) => {\n  cy.log(\"list [\" + index + \"] is : \" + ele.text());\n  cy.log(list.text());\n});",
              "err": {},
              "uuid": "6c4a0392-2f66-403e-8b8b-d57af4c8316f",
              "parentUUID": "e0dad123-b344-400a-a939-838c63b43dc8",
              "isHook": false,
              "skipped": false
            },
            {
              "title": "Add specific product to basket",
              "fullTitle": "Iterate over elements Add specific product to basket",
              "timedOut": null,
              "duration": 2563,
              "state": "passed",
              "speed": "fast",
              "pass": true,
              "fail": false,
              "pending": false,
              "context": null,
              "code": "cy.selectProduct(\"Curls to straight Shampoo\");",
              "err": {},
              "uuid": "fe8619de-2344-4aa7-9b0f-e7c09a81ecd9",
              "parentUUID": "e0dad123-b344-400a-a939-838c63b43dc8",
              "isHook": false,
              "skipped": false
            },
            {
              "title": "Add another specific product to basket",
              "fullTitle": "Iterate over elements Add another specific product to basket",
              "timedOut": null,
              "duration": 3804,
              "state": "passed",
              "speed": "fast",
              "pass": true,
              "fail": false,
              "pending": false,
              "context": null,
              "code": "cy.selectProduct(\"Eau Parfumee au The Vert Shampoo\");",
              "err": {},
              "uuid": "bf591ec6-d2e8-4a1e-b4c0-4aaffa629205",
              "parentUUID": "e0dad123-b344-400a-a939-838c63b43dc8",
              "isHook": false,
              "skipped": false
            },
            {
              "title": "Add another specific product to basket 2",
              "fullTitle": "Iterate over elements Add another specific product to basket 2",
              "timedOut": null,
              "duration": 3345,
              "state": "passed",
              "speed": "fast",
              "pass": true,
              "fail": false,
              "pending": false,
              "context": null,
              "code": "cy.selectProduct(\"Seaweed Conditioner\");",
              "err": {},
              "uuid": "3882ef38-7c81-4408-a04f-0dca7805b386",
              "parentUUID": "e0dad123-b344-400a-a939-838c63b43dc8",
              "isHook": false,
              "skipped": false
            }
          ],
          "suites": [],
          "passes": [
            "6c4a0392-2f66-403e-8b8b-d57af4c8316f",
            "fe8619de-2344-4aa7-9b0f-e7c09a81ecd9",
            "bf591ec6-d2e8-4a1e-b4c0-4aaffa629205",
            "3882ef38-7c81-4408-a04f-0dca7805b386"
          ],
          "failures": [],
          "pending": [],
          "skipped": [],
          "duration": 15173,
          "root": false,
          "rootEmpty": false,
          "_timeout": 2000
        }
      ],
      "passes": [],
      "failures": [],
      "pending": [],
      "skipped": [],
      "duration": 0,
      "root": true,
      "rootEmpty": true,
      "_timeout": 2000
    }
  ],
  "meta": {
    "mocha": {
      "version": "7.0.1"
    },
    "mochawesome": {
      "options": {
        "quiet": false,
        "reportFilename": "mochawesome",
        "saveHtml": false,
        "saveJson": true,
        "consoleReporter": "spec",
        "useInlineDiffs": false,
        "code": true
      },
      "version": "7.1.3"
    },
    "marge": {
      "options": {
        "id": "default",
        "reportDir": "cypress/results/mochawesome",
        "quite": "true",
        "overwrite": "false",
        "html": "false",
        "json": "true"
      },
      "version": "6.2.0"
    }
  }
}