{
  "stats": {
    "suites": 1,
    "tests": 1,
    "passes": 1,
    "pending": 0,
    "failures": 0,
    "start": "2024-02-24T07:16:49.726Z",
    "end": "2024-02-24T07:16:58.924Z",
    "duration": 9198,
    "testsRegistered": 1,
    "passPercent": 100,
    "pendingPercent": 0,
    "other": 0,
    "hasOther": false,
    "skipped": 0,
    "hasSkipped": false
  },
  "results": [
    {
      "uuid": "a65fee08-cd46-4b91-a604-fc7175dfe2a7",
      "title": "",
      "fullFile": "cypress\\e2e\\autoMtestStore\\test_retries.cy.js",
      "file": "cypress\\e2e\\autoMtestStore\\test_retries.cy.js",
      "beforeHooks": [],
      "afterHooks": [],
      "tests": [],
      "suites": [
        {
          "uuid": "46819445-5c79-4db2-9ade-156052999c10",
          "title": "Test Contach Us form via WebdriverUniversity",
          "fullFile": "",
          "file": "",
          "beforeHooks": [],
          "afterHooks": [],
          "tests": [
            {
              "title": "Should be able to submit a successful submission via contact us form",
              "fullTitle": "Test Contach Us form via WebdriverUniversity Should be able to submit a successful submission via contact us form",
              "timedOut": null,
              "duration": 6732,
              "state": "passed",
              "speed": "medium",
              "pass": true,
              "fail": false,
              "pending": false,
              "context": null,
              "code": "//cypress code\ncy.visit(\"https://automationteststore.com/\");\ncy.get(\".info_links_footer\").contains(\"Contact Us\").click();\ncy.get(\"@user\").then(user => {\n  cy.get(\"[name='first_name']\").type(user.name);\n  cy.get(\"[for='ContactUsFrm_email']\").type(user.email);\n  cy.get('[name=\"enquiry\"]').type(\"this is the enquiry textbox \");\n});\ncy.get(\"[title='Submit']\").click();\ncy.get(\".contentpanel p\").should(\"have.text\", \"Your enquiry has been successfully sent to the store owner!\");",
              "err": {},
              "uuid": "0a122e85-f562-4df8-b334-578901905e3a",
              "parentUUID": "46819445-5c79-4db2-9ade-156052999c10",
              "isHook": false,
              "skipped": false
            }
          ],
          "suites": [],
          "passes": [
            "0a122e85-f562-4df8-b334-578901905e3a"
          ],
          "failures": [],
          "pending": [],
          "skipped": [],
          "duration": 6732,
          "root": false,
          "rootEmpty": false,
          "_timeout": 2000
        }
      ],
      "passes": [],
      "failures": [],
      "pending": [],
      "skipped": [],
      "duration": 0,
      "root": true,
      "rootEmpty": true,
      "_timeout": 2000
    }
  ],
  "meta": {
    "mocha": {
      "version": "7.0.1"
    },
    "mochawesome": {
      "options": {
        "quiet": false,
        "reportFilename": "mochawesome",
        "saveHtml": false,
        "saveJson": true,
        "consoleReporter": "spec",
        "useInlineDiffs": false,
        "code": true
      },
      "version": "7.1.3"
    },
    "marge": {
      "options": {
        "id": "default",
        "reportDir": "cypress/results/mochawesome",
        "quite": "true",
        "overwrite": "false",
        "html": "false",
        "json": "true"
      },
      "version": "6.2.0"
    }
  }
}