{
  "stats": {
    "suites": 1,
    "tests": 3,
    "passes": 0,
    "pending": 0,
    "failures": 3,
    "start": "2024-03-01T16:20:15.851Z",
    "end": "2024-03-01T16:20:18.395Z",
    "duration": 2544,
    "testsRegistered": 3,
    "passPercent": 0,
    "pendingPercent": 0,
    "other": 0,
    "hasOther": false,
    "skipped": 0,
    "hasSkipped": false
  },
  "results": [
    {
      "uuid": "552c5e30-2825-4462-ba2a-6f95d5108c1f",
      "title": "",
      "fullFile": "cypress\\e2e\\API_Testing\\get_retrive-request.cy.js",
      "file": "cypress\\e2e\\API_Testing\\get_retrive-request.cy.js",
      "beforeHooks": [],
      "afterHooks": [],
      "tests": [],
      "suites": [
        {
          "uuid": "47a37a39-f051-40fb-a8ed-a5d6809c583a",
          "title": "Get Request",
          "fullFile": "",
          "file": "",
          "beforeHooks": [],
          "afterHooks": [],
          "tests": [
            {
              "title": "Validate status codes of the /posts api",
              "fullTitle": "Get Request Validate status codes of the /posts api",
              "timedOut": null,
              "duration": 795,
              "state": "failed",
              "speed": null,
              "pass": false,
              "fail": true,
              "pending": false,
              "context": null,
              "code": "result = cy.request(\"http://localhost:3000/posts\");\nresult.its(\"status\").should(\"equal\", 200);",
              "err": {
                "message": "CypressError: `cy.request()` failed trying to load:\n\nhttp://localhost:3000/posts\n\nWe attempted to make an http request to this URL but the request failed without a response.\n\nWe received this error at the network level:\n\n  > Error: connect ECONNREFUSED 127.0.0.1:3000\n\n-----------------------------------------------------------\n\nThe request we sent was:\n\nMethod: GET\nURL: http://localhost:3000/posts\n\n-----------------------------------------------------------\n\nCommon situations why this would fail:\n  - you don't have internet access\n  - you forgot to run / boot your web server\n  - your web server isn't accessible\n  - you have weird network configuration settings on your computer\n\nhttps://on.cypress.io/request",
                "estack": "CypressError: `cy.request()` failed trying to load:\n\nhttp://localhost:3000/posts\n\nWe attempted to make an http request to this URL but the request failed without a response.\n\nWe received this error at the network level:\n\n  > Error: connect ECONNREFUSED 127.0.0.1:3000\n\n-----------------------------------------------------------\n\nThe request we sent was:\n\nMethod: GET\nURL: http://localhost:3000/posts\n\n-----------------------------------------------------------\n\nCommon situations why this would fail:\n  - you don't have internet access\n  - you forgot to run / boot your web server\n  - your web server isn't accessible\n  - you have weird network configuration settings on your computer\n\nhttps://on.cypress.io/request\n    at <unknown> (https://www.webdriveruniversity.com/__cypress/runner/cypress_runner.js:133056:70)\n    at tryCatcher (https://www.webdriveruniversity.com/__cypress/runner/cypress_runner.js:1807:23)\n    at <unknown> (https://www.webdriveruniversity.com/__cypress/runner/cypress_runner.js:4203:37)\n    at tryCatcher (https://www.webdriveruniversity.com/__cypress/runner/cypress_runner.js:1807:23)\n    at Promise._settlePromiseFromHandler (https://www.webdriveruniversity.com/__cypress/runner/cypress_runner.js:1519:31)\n    at Promise._settlePromise (https://www.webdriveruniversity.com/__cypress/runner/cypress_runner.js:1576:18)\n    at Promise._settlePromise0 (https://www.webdriveruniversity.com/__cypress/runner/cypress_runner.js:1621:10)\n    at Promise._settlePromises (https://www.webdriveruniversity.com/__cypress/runner/cypress_runner.js:1697:18)\n    at _drainQueueStep (https://www.webdriveruniversity.com/__cypress/runner/cypress_runner.js:2407:12)\n    at _drainQueue (https://www.webdriveruniversity.com/__cypress/runner/cypress_runner.js:2400:9)\n    at Async._drainQueues (https://www.webdriveruniversity.com/__cypress/runner/cypress_runner.js:2416:5)\n    at Async.drainQueues (https://www.webdriveruniversity.com/__cypress/runner/cypress_runner.js:2286:14)\nFrom Your Spec Code:\n    at Context.eval (cypress/e2e/API_Testing/get_retrive-request.cy.js:6:16)\n\nFrom Node.js Internals:\n  RequestError: Error: connect ECONNREFUSED 127.0.0.1:3000\n      at new r (<embedded>:1832:361373)\n      at ee.callback (<embedded>:1832:367374)\n      at e.callback.s.callback [as _callback] (<embedded>:1832:366820)\n      at s._callback.s.callback.s.callback (<embedded>:2050:91633)\n      at ee.emit (node:events:513:28)\n      at ee.onRequestError (<embedded>:2050:100575)\n      at ClientRequest.emit (node:events:525:35)\n      at Socket.socketErrorListener (node:_http_client:502:9)\n      at Socket.emit (node:events:513:28)\n      at emitErrorNT (node:internal/streams/destroy:151:8)\n      at emitErrorCloseNT (node:internal/streams/destroy:116:3)\n      at process.processTicksAndRejections (node:internal/process/task_queues:82:21)",
                "diff": null
              },
              "uuid": "c242906d-7ff0-4802-b749-9dcba09ff245",
              "parentUUID": "47a37a39-f051-40fb-a8ed-a5d6809c583a",
              "isHook": false,
              "skipped": false
            },
            {
              "title": "Validate keys and valus of the /posts api",
              "fullTitle": "Get Request Validate keys and valus of the /posts api",
              "timedOut": null,
              "duration": 818,
              "state": "failed",
              "speed": null,
              "pass": false,
              "fail": true,
              "pending": false,
              "context": null,
              "code": "result = cy.request(\"http://localhost:3000/posts\");\nresult.its(\"body\").then(function (response) {\n  cy.log(response);\n  expect(response[0]).has.property(\"title\", \"a title\");\n  //looping through assert response\n  for (var i = 0; i < response.length; i++) {\n    expect(response[i]).to.have.all.keys(\"id\", \"title\", \"views\");\n    cy.log(\"ID : \" + response[i][\"id\"] + \" , Title : \" + response[i][\"title\"] + \" , views : \" + response[i][\"views\"]);\n  }\n});",
              "err": {
                "message": "CypressError: `cy.request()` failed trying to load:\n\nhttp://localhost:3000/posts\n\nWe attempted to make an http request to this URL but the request failed without a response.\n\nWe received this error at the network level:\n\n  > Error: connect ECONNREFUSED 127.0.0.1:3000\n\n-----------------------------------------------------------\n\nThe request we sent was:\n\nMethod: GET\nURL: http://localhost:3000/posts\n\n-----------------------------------------------------------\n\nCommon situations why this would fail:\n  - you don't have internet access\n  - you forgot to run / boot your web server\n  - your web server isn't accessible\n  - you have weird network configuration settings on your computer\n\nhttps://on.cypress.io/request",
                "estack": "CypressError: `cy.request()` failed trying to load:\n\nhttp://localhost:3000/posts\n\nWe attempted to make an http request to this URL but the request failed without a response.\n\nWe received this error at the network level:\n\n  > Error: connect ECONNREFUSED 127.0.0.1:3000\n\n-----------------------------------------------------------\n\nThe request we sent was:\n\nMethod: GET\nURL: http://localhost:3000/posts\n\n-----------------------------------------------------------\n\nCommon situations why this would fail:\n  - you don't have internet access\n  - you forgot to run / boot your web server\n  - your web server isn't accessible\n  - you have weird network configuration settings on your computer\n\nhttps://on.cypress.io/request\n    at <unknown> (https://www.webdriveruniversity.com/__cypress/runner/cypress_runner.js:133056:70)\n    at tryCatcher (https://www.webdriveruniversity.com/__cypress/runner/cypress_runner.js:1807:23)\n    at <unknown> (https://www.webdriveruniversity.com/__cypress/runner/cypress_runner.js:4203:37)\n    at tryCatcher (https://www.webdriveruniversity.com/__cypress/runner/cypress_runner.js:1807:23)\n    at Promise._settlePromiseFromHandler (https://www.webdriveruniversity.com/__cypress/runner/cypress_runner.js:1519:31)\n    at Promise._settlePromise (https://www.webdriveruniversity.com/__cypress/runner/cypress_runner.js:1576:18)\n    at Promise._settlePromise0 (https://www.webdriveruniversity.com/__cypress/runner/cypress_runner.js:1621:10)\n    at Promise._settlePromises (https://www.webdriveruniversity.com/__cypress/runner/cypress_runner.js:1697:18)\n    at _drainQueueStep (https://www.webdriveruniversity.com/__cypress/runner/cypress_runner.js:2407:12)\n    at _drainQueue (https://www.webdriveruniversity.com/__cypress/runner/cypress_runner.js:2400:9)\n    at Async._drainQueues (https://www.webdriveruniversity.com/__cypress/runner/cypress_runner.js:2416:5)\n    at Async.drainQueues (https://www.webdriveruniversity.com/__cypress/runner/cypress_runner.js:2286:14)\nFrom Your Spec Code:\n    at Context.eval (cypress/e2e/API_Testing/get_retrive-request.cy.js:11:16)\n\nFrom Node.js Internals:\n  RequestError: Error: connect ECONNREFUSED 127.0.0.1:3000\n      at new r (<embedded>:1832:361373)\n      at ee.callback (<embedded>:1832:367374)\n      at e.callback.s.callback [as _callback] (<embedded>:1832:366820)\n      at s._callback.s.callback.s.callback (<embedded>:2050:91633)\n      at ee.emit (node:events:513:28)\n      at ee.onRequestError (<embedded>:2050:100575)\n      at ClientRequest.emit (node:events:525:35)\n      at Socket.socketErrorListener (node:_http_client:502:9)\n      at Socket.emit (node:events:513:28)\n      at emitErrorNT (node:internal/streams/destroy:151:8)\n      at emitErrorCloseNT (node:internal/streams/destroy:116:3)\n      at process.processTicksAndRejections (node:internal/process/task_queues:82:21)",
                "diff": null
              },
              "uuid": "9ed281f4-e2c3-4adc-a062-a62e44e61684",
              "parentUUID": "47a37a39-f051-40fb-a8ed-a5d6809c583a",
              "isHook": false,
              "skipped": false
            },
            {
              "title": "Validate keys and valus of the /posts api using other method",
              "fullTitle": "Get Request Validate keys and valus of the /posts api using other method",
              "timedOut": null,
              "duration": 798,
              "state": "failed",
              "speed": null,
              "pass": false,
              "fail": true,
              "pending": false,
              "context": null,
              "code": "cy.request({\n  method: \"GET\",\n  url: \"http://localhost:3000/posts\",\n  headers: {\n    accept: \"application/json\"\n  }\n}).then(function (response) {\n  var body = JSON.parse(JSON.stringify(response.body));\n  cy.log(body);\n  expect(body[0]).has.property(\"views\", 100);\n  //looping through assert response\n  body.forEach(function (item) {\n    expect(item).to.have.all.keys(\"id\", \"title\", \"views\");\n    cy.log(\"ID : \" + item[\"id\"] + \" , Title : \" + item[\"title\"] + \" , views : \" + item[\"views\"]);\n  });\n});",
              "err": {
                "message": "CypressError: `cy.request()` failed trying to load:\n\nhttp://localhost:3000/posts\n\nWe attempted to make an http request to this URL but the request failed without a response.\n\nWe received this error at the network level:\n\n  > Error: connect ECONNREFUSED 127.0.0.1:3000\n\n-----------------------------------------------------------\n\nThe request we sent was:\n\nMethod: GET\nURL: http://localhost:3000/posts\n\n-----------------------------------------------------------\n\nCommon situations why this would fail:\n  - you don't have internet access\n  - you forgot to run / boot your web server\n  - your web server isn't accessible\n  - you have weird network configuration settings on your computer\n\nhttps://on.cypress.io/request",
                "estack": "CypressError: `cy.request()` failed trying to load:\n\nhttp://localhost:3000/posts\n\nWe attempted to make an http request to this URL but the request failed without a response.\n\nWe received this error at the network level:\n\n  > Error: connect ECONNREFUSED 127.0.0.1:3000\n\n-----------------------------------------------------------\n\nThe request we sent was:\n\nMethod: GET\nURL: http://localhost:3000/posts\n\n-----------------------------------------------------------\n\nCommon situations why this would fail:\n  - you don't have internet access\n  - you forgot to run / boot your web server\n  - your web server isn't accessible\n  - you have weird network configuration settings on your computer\n\nhttps://on.cypress.io/request\n    at <unknown> (https://www.webdriveruniversity.com/__cypress/runner/cypress_runner.js:133056:70)\n    at tryCatcher (https://www.webdriveruniversity.com/__cypress/runner/cypress_runner.js:1807:23)\n    at <unknown> (https://www.webdriveruniversity.com/__cypress/runner/cypress_runner.js:4203:37)\n    at tryCatcher (https://www.webdriveruniversity.com/__cypress/runner/cypress_runner.js:1807:23)\n    at Promise._settlePromiseFromHandler (https://www.webdriveruniversity.com/__cypress/runner/cypress_runner.js:1519:31)\n    at Promise._settlePromise (https://www.webdriveruniversity.com/__cypress/runner/cypress_runner.js:1576:18)\n    at Promise._settlePromise0 (https://www.webdriveruniversity.com/__cypress/runner/cypress_runner.js:1621:10)\n    at Promise._settlePromises (https://www.webdriveruniversity.com/__cypress/runner/cypress_runner.js:1697:18)\n    at _drainQueueStep (https://www.webdriveruniversity.com/__cypress/runner/cypress_runner.js:2407:12)\n    at _drainQueue (https://www.webdriveruniversity.com/__cypress/runner/cypress_runner.js:2400:9)\n    at Async._drainQueues (https://www.webdriveruniversity.com/__cypress/runner/cypress_runner.js:2416:5)\n    at Async.drainQueues (https://www.webdriveruniversity.com/__cypress/runner/cypress_runner.js:2286:14)\nFrom Your Spec Code:\n    at Context.eval (cypress/e2e/API_Testing/get_retrive-request.cy.js:33:7)\n\nFrom Node.js Internals:\n  RequestError: Error: connect ECONNREFUSED 127.0.0.1:3000\n      at new r (<embedded>:1832:361373)\n      at ee.callback (<embedded>:1832:367374)\n      at e.callback.s.callback [as _callback] (<embedded>:1832:366820)\n      at s._callback.s.callback.s.callback (<embedded>:2050:91633)\n      at ee.emit (node:events:513:28)\n      at ee.onRequestError (<embedded>:2050:100575)\n      at ClientRequest.emit (node:events:525:35)\n      at Socket.socketErrorListener (node:_http_client:502:9)\n      at Socket.emit (node:events:513:28)\n      at emitErrorNT (node:internal/streams/destroy:151:8)\n      at emitErrorCloseNT (node:internal/streams/destroy:116:3)\n      at process.processTicksAndRejections (node:internal/process/task_queues:82:21)",
                "diff": null
              },
              "uuid": "16b6c88b-3835-42bd-a45f-b4a22a8cbd60",
              "parentUUID": "47a37a39-f051-40fb-a8ed-a5d6809c583a",
              "isHook": false,
              "skipped": false
            }
          ],
          "suites": [],
          "passes": [],
          "failures": [
            "c242906d-7ff0-4802-b749-9dcba09ff245",
            "9ed281f4-e2c3-4adc-a062-a62e44e61684",
            "16b6c88b-3835-42bd-a45f-b4a22a8cbd60"
          ],
          "pending": [],
          "skipped": [],
          "duration": 2411,
          "root": false,
          "rootEmpty": false,
          "_timeout": 2000
        }
      ],
      "passes": [],
      "failures": [],
      "pending": [],
      "skipped": [],
      "duration": 0,
      "root": true,
      "rootEmpty": true,
      "_timeout": 2000
    }
  ],
  "meta": {
    "mocha": {
      "version": "7.0.1"
    },
    "mochawesome": {
      "options": {
        "quiet": false,
        "reportFilename": "mochawesome",
        "saveHtml": false,
        "saveJson": true,
        "consoleReporter": "spec",
        "useInlineDiffs": false,
        "code": true
      },
      "version": "7.1.3"
    },
    "marge": {
      "options": {
        "id": "default",
        "reportDir": "cypress/results/mochawesome",
        "quite": "true",
        "overwrite": "false",
        "html": "false",
        "json": "true"
      },
      "version": "6.2.0"
    }
  }
}