{
  "stats": {
    "suites": 1,
    "tests": 1,
    "passes": 1,
    "pending": 0,
    "failures": 0,
    "start": "2024-03-01T16:21:49.696Z",
    "end": "2024-03-01T16:21:54.728Z",
    "duration": 5032,
    "testsRegistered": 1,
    "passPercent": 100,
    "pendingPercent": 0,
    "other": 0,
    "hasOther": false,
    "skipped": 0,
    "hasSkipped": false
  },
  "results": [
    {
      "uuid": "bca4f69e-9164-465b-9b0b-77fc3c91eb91",
      "title": "",
      "fullFile": "cypress\\e2e\\autoMtestStore\\variables_cy_commands.cy.js",
      "file": "cypress\\e2e\\autoMtestStore\\variables_cy_commands.cy.js",
      "beforeHooks": [],
      "afterHooks": [],
      "tests": [],
      "suites": [
        {
          "uuid": "60b38756-6723-4dbf-b770-72d3f25110c3",
          "title": "Verifying variables, cypress commands and jquery commands",
          "fullFile": "",
          "file": "",
          "beforeHooks": [],
          "afterHooks": [],
          "tests": [
            {
              "title": "Navigating contact us page properties ",
              "fullTitle": "Verifying variables, cypress commands and jquery commands Navigating contact us page properties ",
              "timedOut": null,
              "duration": 2880,
              "state": "passed",
              "speed": "fast",
              "pass": true,
              "fail": false,
              "pending": false,
              "context": null,
              "code": "//recommended\ncy.visit(\"https://automationteststore.com/index.php?rt=content/contact\");\n//Uses cypress command and chaining\ncy.contains(\"#ContactUsFrm\", \"Contact Us Form\").find(\"#field_11\").should(\"contain\", \"First name:\");\n//JQuery Approach\ncy.contains(\"#ContactUsFrm\", \"Contact Us Form\").then(function (text) {\n  var firstNameText = text.find(\"#field_11\").text();\n  cy.log(firstNameText);\n  expect(firstNameText).to.contain(\"First name:\");\n  //expect(firstNameText).is.eq(\"First name:\"); //its failed beacuse it return selector not text\n});\n//Embeded commands(closure)\ncy.get(\"#field_11\").then(function (fntext) {\n  cy.log(fntext.text());\n  cy.log(fntext);\n});",
              "err": {},
              "uuid": "497afaf3-dbbb-4fb8-9b6b-e20e222bc797",
              "parentUUID": "60b38756-6723-4dbf-b770-72d3f25110c3",
              "isHook": false,
              "skipped": false
            }
          ],
          "suites": [],
          "passes": [
            "497afaf3-dbbb-4fb8-9b6b-e20e222bc797"
          ],
          "failures": [],
          "pending": [],
          "skipped": [],
          "duration": 2880,
          "root": false,
          "rootEmpty": false,
          "_timeout": 2000
        }
      ],
      "passes": [],
      "failures": [],
      "pending": [],
      "skipped": [],
      "duration": 0,
      "root": true,
      "rootEmpty": true,
      "_timeout": 2000
    }
  ],
  "meta": {
    "mocha": {
      "version": "7.0.1"
    },
    "mochawesome": {
      "options": {
        "quiet": false,
        "reportFilename": "mochawesome",
        "saveHtml": false,
        "saveJson": true,
        "consoleReporter": "spec",
        "useInlineDiffs": false,
        "code": true
      },
      "version": "7.1.3"
    },
    "marge": {
      "options": {
        "id": "default",
        "reportDir": "cypress/results/mochawesome",
        "quite": "true",
        "overwrite": "false",
        "html": "false",
        "json": "true"
      },
      "version": "6.2.0"
    }
  }
}